ReferenceError: error is not defined
    at getOne (C:\Users\ngocq\OneDrive\Desktop\Web\Tech Web API\Working API\app\services\cpu.service.js:43:25)
    at Layer.handle [as handle_request] (C:\Users\ngocq\OneDrive\Desktop\Web\Tech Web API\Working API\node_modules\express\lib\router\layer.js:95:5)
    at next (C:\Users\ngocq\OneDrive\Desktop\Web\Tech Web API\Working API\node_modules\express\lib\router\route.js:144:13)
    at Route.dispatch (C:\Users\ngocq\OneDrive\Desktop\Web\Tech Web API\Working API\node_modules\express\lib\router\route.js:114:3)
    at Layer.handle [as handle_request] (C:\Users\ngocq\OneDrive\Desktop\Web\Tech Web API\Working API\node_modules\express\lib\router\layer.js:95:5)
    at C:\Users\ngocq\OneDrive\Desktop\Web\Tech Web API\Working API\node_modules\express\lib\router\index.js:284:15
    at param (C:\Users\ngocq\OneDrive\Desktop\Web\Tech Web API\Working API\node_modules\express\lib\router\index.js:365:14)
    at param (C:\Users\ngocq\OneDrive\Desktop\Web\Tech Web API\Working API\node_modules\express\lib\router\index.js:376:14)
    at Function.process_params (C:\Users\ngocq\OneDrive\Desktop\Web\Tech Web API\Working API\node_modules\express\lib\router\index.js:421:3)
    at next (C:\Users\ngocq\OneDrive\Desktop\Web\Tech Web API\Working API\node_modules\express\lib\router\index.js:280:10)
ReferenceError: error is not defined
    at getOne (C:\Users\ngocq\OneDrive\Desktop\Web\Tech Web API\Working API\app\services\cpu.service.js:43:25)
    at Layer.handle [as handle_request] (C:\Users\ngocq\OneDrive\Desktop\Web\Tech Web API\Working API\node_modules\express\lib\router\layer.js:95:5)
    at next (C:\Users\ngocq\OneDrive\Desktop\Web\Tech Web API\Working API\node_modules\express\lib\router\route.js:144:13)
    at Route.dispatch (C:\Users\ngocq\OneDrive\Desktop\Web\Tech Web API\Working API\node_modules\express\lib\router\route.js:114:3)
    at Layer.handle [as handle_request] (C:\Users\ngocq\OneDrive\Desktop\Web\Tech Web API\Working API\node_modules\express\lib\router\layer.js:95:5)
    at C:\Users\ngocq\OneDrive\Desktop\Web\Tech Web API\Working API\node_modules\express\lib\router\index.js:284:15
    at param (C:\Users\ngocq\OneDrive\Desktop\Web\Tech Web API\Working API\node_modules\express\lib\router\index.js:365:14)
    at param (C:\Users\ngocq\OneDrive\Desktop\Web\Tech Web API\Working API\node_modules\express\lib\router\index.js:376:14)
    at Function.process_params (C:\Users\ngocq\OneDrive\Desktop\Web\Tech Web API\Working API\node_modules\express\lib\router\index.js:421:3)
    at next (C:\Users\ngocq\OneDrive\Desktop\Web\Tech Web API\Working API\node_modules\express\lib\router\index.js:280:10)
ReferenceError: error is not defined
    at getOne (C:\Users\ngocq\OneDrive\Desktop\Web\Tech Web API\Working API\app\services\cpu.service.js:43:25)
    at Layer.handle [as handle_request] (C:\Users\ngocq\OneDrive\Desktop\Web\Tech Web API\Working API\node_modules\express\lib\router\layer.js:95:5)
    at next (C:\Users\ngocq\OneDrive\Desktop\Web\Tech Web API\Working API\node_modules\express\lib\router\route.js:144:13)
    at Route.dispatch (C:\Users\ngocq\OneDrive\Desktop\Web\Tech Web API\Working API\node_modules\express\lib\router\route.js:114:3)
    at Layer.handle [as handle_request] (C:\Users\ngocq\OneDrive\Desktop\Web\Tech Web API\Working API\node_modules\express\lib\router\layer.js:95:5)
    at C:\Users\ngocq\OneDrive\Desktop\Web\Tech Web API\Working API\node_modules\express\lib\router\index.js:284:15
    at param (C:\Users\ngocq\OneDrive\Desktop\Web\Tech Web API\Working API\node_modules\express\lib\router\index.js:365:14)
    at param (C:\Users\ngocq\OneDrive\Desktop\Web\Tech Web API\Working API\node_modules\express\lib\router\index.js:376:14)
    at Function.process_params (C:\Users\ngocq\OneDrive\Desktop\Web\Tech Web API\Working API\node_modules\express\lib\router\index.js:421:3)
    at next (C:\Users\ngocq\OneDrive\Desktop\Web\Tech Web API\Working API\node_modules\express\lib\router\index.js:280:10)
ReferenceError: error is not defined
    at getOne (C:\Users\ngocq\OneDrive\Desktop\Web\Tech Web API\Working API\app\services\cpu.service.js:43:25)
    at Layer.handle [as handle_request] (C:\Users\ngocq\OneDrive\Desktop\Web\Tech Web API\Working API\node_modules\express\lib\router\layer.js:95:5)
    at next (C:\Users\ngocq\OneDrive\Desktop\Web\Tech Web API\Working API\node_modules\express\lib\router\route.js:144:13)
    at Route.dispatch (C:\Users\ngocq\OneDrive\Desktop\Web\Tech Web API\Working API\node_modules\express\lib\router\route.js:114:3)
    at Layer.handle [as handle_request] (C:\Users\ngocq\OneDrive\Desktop\Web\Tech Web API\Working API\node_modules\express\lib\router\layer.js:95:5)
    at C:\Users\ngocq\OneDrive\Desktop\Web\Tech Web API\Working API\node_modules\express\lib\router\index.js:284:15
    at param (C:\Users\ngocq\OneDrive\Desktop\Web\Tech Web API\Working API\node_modules\express\lib\router\index.js:365:14)
    at param (C:\Users\ngocq\OneDrive\Desktop\Web\Tech Web API\Working API\node_modules\express\lib\router\index.js:376:14)
    at Function.process_params (C:\Users\ngocq\OneDrive\Desktop\Web\Tech Web API\Working API\node_modules\express\lib\router\index.js:421:3)
    at next (C:\Users\ngocq\OneDrive\Desktop\Web\Tech Web API\Working API\node_modules\express\lib\router\index.js:280:10)
ReferenceError: error is not defined
    at getOne (C:\Users\ngocq\OneDrive\Desktop\Web\Tech Web API\Working API\app\services\cpu.service.js:43:25)
    at Layer.handle [as handle_request] (C:\Users\ngocq\OneDrive\Desktop\Web\Tech Web API\Working API\node_modules\express\lib\router\layer.js:95:5)
    at next (C:\Users\ngocq\OneDrive\Desktop\Web\Tech Web API\Working API\node_modules\express\lib\router\route.js:144:13)
    at Route.dispatch (C:\Users\ngocq\OneDrive\Desktop\Web\Tech Web API\Working API\node_modules\express\lib\router\route.js:114:3)
    at Layer.handle [as handle_request] (C:\Users\ngocq\OneDrive\Desktop\Web\Tech Web API\Working API\node_modules\express\lib\router\layer.js:95:5)
    at C:\Users\ngocq\OneDrive\Desktop\Web\Tech Web API\Working API\node_modules\express\lib\router\index.js:284:15
    at param (C:\Users\ngocq\OneDrive\Desktop\Web\Tech Web API\Working API\node_modules\express\lib\router\index.js:365:14)
    at param (C:\Users\ngocq\OneDrive\Desktop\Web\Tech Web API\Working API\node_modules\express\lib\router\index.js:376:14)
    at Function.process_params (C:\Users\ngocq\OneDrive\Desktop\Web\Tech Web API\Working API\node_modules\express\lib\router\index.js:421:3)
    at next (C:\Users\ngocq\OneDrive\Desktop\Web\Tech Web API\Working API\node_modules\express\lib\router\index.js:280:10)
ReferenceError: error is not defined
    at getOne (C:\Users\ngocq\OneDrive\Desktop\Web\Tech Web API\Working API\app\services\cpu.service.js:43:25)
    at Layer.handle [as handle_request] (C:\Users\ngocq\OneDrive\Desktop\Web\Tech Web API\Working API\node_modules\express\lib\router\layer.js:95:5)
    at next (C:\Users\ngocq\OneDrive\Desktop\Web\Tech Web API\Working API\node_modules\express\lib\router\route.js:144:13)
    at Route.dispatch (C:\Users\ngocq\OneDrive\Desktop\Web\Tech Web API\Working API\node_modules\express\lib\router\route.js:114:3)
    at Layer.handle [as handle_request] (C:\Users\ngocq\OneDrive\Desktop\Web\Tech Web API\Working API\node_modules\express\lib\router\layer.js:95:5)
    at C:\Users\ngocq\OneDrive\Desktop\Web\Tech Web API\Working API\node_modules\express\lib\router\index.js:284:15
    at param (C:\Users\ngocq\OneDrive\Desktop\Web\Tech Web API\Working API\node_modules\express\lib\router\index.js:365:14)
    at param (C:\Users\ngocq\OneDrive\Desktop\Web\Tech Web API\Working API\node_modules\express\lib\router\index.js:376:14)
    at Function.process_params (C:\Users\ngocq\OneDrive\Desktop\Web\Tech Web API\Working API\node_modules\express\lib\router\index.js:421:3)
    at next (C:\Users\ngocq\OneDrive\Desktop\Web\Tech Web API\Working API\node_modules\express\lib\router\index.js:280:10)
ReferenceError: error is not defined
    at getOne (C:\Users\ngocq\OneDrive\Desktop\Web\Tech Web API\Working API\app\services\cpu.service.js:43:25)
    at Layer.handle [as handle_request] (C:\Users\ngocq\OneDrive\Desktop\Web\Tech Web API\Working API\node_modules\express\lib\router\layer.js:95:5)
    at next (C:\Users\ngocq\OneDrive\Desktop\Web\Tech Web API\Working API\node_modules\express\lib\router\route.js:144:13)
    at Route.dispatch (C:\Users\ngocq\OneDrive\Desktop\Web\Tech Web API\Working API\node_modules\express\lib\router\route.js:114:3)
    at Layer.handle [as handle_request] (C:\Users\ngocq\OneDrive\Desktop\Web\Tech Web API\Working API\node_modules\express\lib\router\layer.js:95:5)
    at C:\Users\ngocq\OneDrive\Desktop\Web\Tech Web API\Working API\node_modules\express\lib\router\index.js:284:15
    at param (C:\Users\ngocq\OneDrive\Desktop\Web\Tech Web API\Working API\node_modules\express\lib\router\index.js:365:14)
    at param (C:\Users\ngocq\OneDrive\Desktop\Web\Tech Web API\Working API\node_modules\express\lib\router\index.js:376:14)
    at Function.process_params (C:\Users\ngocq\OneDrive\Desktop\Web\Tech Web API\Working API\node_modules\express\lib\router\index.js:421:3)
    at next (C:\Users\ngocq\OneDrive\Desktop\Web\Tech Web API\Working API\node_modules\express\lib\router\index.js:280:10)
ReferenceError: error is not defined
    at getOne (C:\Users\ngocq\OneDrive\Desktop\Web\Tech Web API\Working API\app\services\cpu.service.js:43:25)
    at Layer.handle [as handle_request] (C:\Users\ngocq\OneDrive\Desktop\Web\Tech Web API\Working API\node_modules\express\lib\router\layer.js:95:5)
    at next (C:\Users\ngocq\OneDrive\Desktop\Web\Tech Web API\Working API\node_modules\express\lib\router\route.js:144:13)
    at Route.dispatch (C:\Users\ngocq\OneDrive\Desktop\Web\Tech Web API\Working API\node_modules\express\lib\router\route.js:114:3)
    at Layer.handle [as handle_request] (C:\Users\ngocq\OneDrive\Desktop\Web\Tech Web API\Working API\node_modules\express\lib\router\layer.js:95:5)
    at C:\Users\ngocq\OneDrive\Desktop\Web\Tech Web API\Working API\node_modules\express\lib\router\index.js:284:15
    at param (C:\Users\ngocq\OneDrive\Desktop\Web\Tech Web API\Working API\node_modules\express\lib\router\index.js:365:14)
    at param (C:\Users\ngocq\OneDrive\Desktop\Web\Tech Web API\Working API\node_modules\express\lib\router\index.js:376:14)
    at Function.process_params (C:\Users\ngocq\OneDrive\Desktop\Web\Tech Web API\Working API\node_modules\express\lib\router\index.js:421:3)
    at next (C:\Users\ngocq\OneDrive\Desktop\Web\Tech Web API\Working API\node_modules\express\lib\router\index.js:280:10)
ReferenceError: error is not defined
    at getOne (C:\Users\ngocq\OneDrive\Desktop\Web\Tech Web API\Working API\app\services\cpu.service.js:43:25)
    at Layer.handle [as handle_request] (C:\Users\ngocq\OneDrive\Desktop\Web\Tech Web API\Working API\node_modules\express\lib\router\layer.js:95:5)
    at next (C:\Users\ngocq\OneDrive\Desktop\Web\Tech Web API\Working API\node_modules\express\lib\router\route.js:144:13)
    at Route.dispatch (C:\Users\ngocq\OneDrive\Desktop\Web\Tech Web API\Working API\node_modules\express\lib\router\route.js:114:3)
    at Layer.handle [as handle_request] (C:\Users\ngocq\OneDrive\Desktop\Web\Tech Web API\Working API\node_modules\express\lib\router\layer.js:95:5)
    at C:\Users\ngocq\OneDrive\Desktop\Web\Tech Web API\Working API\node_modules\express\lib\router\index.js:284:15
    at param (C:\Users\ngocq\OneDrive\Desktop\Web\Tech Web API\Working API\node_modules\express\lib\router\index.js:365:14)
    at param (C:\Users\ngocq\OneDrive\Desktop\Web\Tech Web API\Working API\node_modules\express\lib\router\index.js:376:14)
    at Function.process_params (C:\Users\ngocq\OneDrive\Desktop\Web\Tech Web API\Working API\node_modules\express\lib\router\index.js:421:3)
    at next (C:\Users\ngocq\OneDrive\Desktop\Web\Tech Web API\Working API\node_modules\express\lib\router\index.js:280:10)
ReferenceError: error is not defined
    at getOne (C:\Users\ngocq\OneDrive\Desktop\Web\Tech Web API\Working API\app\services\cpu.service.js:43:25)
    at Layer.handle [as handle_request] (C:\Users\ngocq\OneDrive\Desktop\Web\Tech Web API\Working API\node_modules\express\lib\router\layer.js:95:5)
    at next (C:\Users\ngocq\OneDrive\Desktop\Web\Tech Web API\Working API\node_modules\express\lib\router\route.js:144:13)
    at Route.dispatch (C:\Users\ngocq\OneDrive\Desktop\Web\Tech Web API\Working API\node_modules\express\lib\router\route.js:114:3)
    at Layer.handle [as handle_request] (C:\Users\ngocq\OneDrive\Desktop\Web\Tech Web API\Working API\node_modules\express\lib\router\layer.js:95:5)
    at C:\Users\ngocq\OneDrive\Desktop\Web\Tech Web API\Working API\node_modules\express\lib\router\index.js:284:15
    at param (C:\Users\ngocq\OneDrive\Desktop\Web\Tech Web API\Working API\node_modules\express\lib\router\index.js:365:14)
    at param (C:\Users\ngocq\OneDrive\Desktop\Web\Tech Web API\Working API\node_modules\express\lib\router\index.js:376:14)
    at Function.process_params (C:\Users\ngocq\OneDrive\Desktop\Web\Tech Web API\Working API\node_modules\express\lib\router\index.js:421:3)
    at next (C:\Users\ngocq\OneDrive\Desktop\Web\Tech Web API\Working API\node_modules\express\lib\router\index.js:280:10)
ReferenceError: error is not defined
    at getOne (C:\Users\ngocq\OneDrive\Desktop\Web\Tech Web API\Working API\app\services\cpu.service.js:43:25)
    at Layer.handle [as handle_request] (C:\Users\ngocq\OneDrive\Desktop\Web\Tech Web API\Working API\node_modules\express\lib\router\layer.js:95:5)
    at next (C:\Users\ngocq\OneDrive\Desktop\Web\Tech Web API\Working API\node_modules\express\lib\router\route.js:144:13)
    at Route.dispatch (C:\Users\ngocq\OneDrive\Desktop\Web\Tech Web API\Working API\node_modules\express\lib\router\route.js:114:3)
    at Layer.handle [as handle_request] (C:\Users\ngocq\OneDrive\Desktop\Web\Tech Web API\Working API\node_modules\express\lib\router\layer.js:95:5)
    at C:\Users\ngocq\OneDrive\Desktop\Web\Tech Web API\Working API\node_modules\express\lib\router\index.js:284:15
    at param (C:\Users\ngocq\OneDrive\Desktop\Web\Tech Web API\Working API\node_modules\express\lib\router\index.js:365:14)
    at param (C:\Users\ngocq\OneDrive\Desktop\Web\Tech Web API\Working API\node_modules\express\lib\router\index.js:376:14)
    at Function.process_params (C:\Users\ngocq\OneDrive\Desktop\Web\Tech Web API\Working API\node_modules\express\lib\router\index.js:421:3)
    at next (C:\Users\ngocq\OneDrive\Desktop\Web\Tech Web API\Working API\node_modules\express\lib\router\index.js:280:10)
ReferenceError: error is not defined
    at getOne (C:\Users\ngocq\OneDrive\Desktop\Web\Tech Web API\Working API\app\services\cpu.service.js:43:25)
    at Layer.handle [as handle_request] (C:\Users\ngocq\OneDrive\Desktop\Web\Tech Web API\Working API\node_modules\express\lib\router\layer.js:95:5)
    at next (C:\Users\ngocq\OneDrive\Desktop\Web\Tech Web API\Working API\node_modules\express\lib\router\route.js:144:13)
    at Route.dispatch (C:\Users\ngocq\OneDrive\Desktop\Web\Tech Web API\Working API\node_modules\express\lib\router\route.js:114:3)
    at Layer.handle [as handle_request] (C:\Users\ngocq\OneDrive\Desktop\Web\Tech Web API\Working API\node_modules\express\lib\router\layer.js:95:5)
    at C:\Users\ngocq\OneDrive\Desktop\Web\Tech Web API\Working API\node_modules\express\lib\router\index.js:284:15
    at param (C:\Users\ngocq\OneDrive\Desktop\Web\Tech Web API\Working API\node_modules\express\lib\router\index.js:365:14)
    at param (C:\Users\ngocq\OneDrive\Desktop\Web\Tech Web API\Working API\node_modules\express\lib\router\index.js:376:14)
    at Function.process_params (C:\Users\ngocq\OneDrive\Desktop\Web\Tech Web API\Working API\node_modules\express\lib\router\index.js:421:3)
    at next (C:\Users\ngocq\OneDrive\Desktop\Web\Tech Web API\Working API\node_modules\express\lib\router\index.js:280:10)
ReferenceError: error is not defined
    at getOne (C:\Users\ngocq\OneDrive\Desktop\Web\Tech Web API\Working API\app\services\cpu.service.js:43:25)
    at Layer.handle [as handle_request] (C:\Users\ngocq\OneDrive\Desktop\Web\Tech Web API\Working API\node_modules\express\lib\router\layer.js:95:5)
    at next (C:\Users\ngocq\OneDrive\Desktop\Web\Tech Web API\Working API\node_modules\express\lib\router\route.js:144:13)
    at Route.dispatch (C:\Users\ngocq\OneDrive\Desktop\Web\Tech Web API\Working API\node_modules\express\lib\router\route.js:114:3)
    at Layer.handle [as handle_request] (C:\Users\ngocq\OneDrive\Desktop\Web\Tech Web API\Working API\node_modules\express\lib\router\layer.js:95:5)
    at C:\Users\ngocq\OneDrive\Desktop\Web\Tech Web API\Working API\node_modules\express\lib\router\index.js:284:15
    at param (C:\Users\ngocq\OneDrive\Desktop\Web\Tech Web API\Working API\node_modules\express\lib\router\index.js:365:14)
    at param (C:\Users\ngocq\OneDrive\Desktop\Web\Tech Web API\Working API\node_modules\express\lib\router\index.js:376:14)
    at Function.process_params (C:\Users\ngocq\OneDrive\Desktop\Web\Tech Web API\Working API\node_modules\express\lib\router\index.js:421:3)
    at next (C:\Users\ngocq\OneDrive\Desktop\Web\Tech Web API\Working API\node_modules\express\lib\router\index.js:280:10)
ReferenceError: error is not defined
    at getOne (C:\Users\ngocq\OneDrive\Desktop\Web\Tech Web API\Working API\app\services\cpu.service.js:43:25)
    at Layer.handle [as handle_request] (C:\Users\ngocq\OneDrive\Desktop\Web\Tech Web API\Working API\node_modules\express\lib\router\layer.js:95:5)
    at next (C:\Users\ngocq\OneDrive\Desktop\Web\Tech Web API\Working API\node_modules\express\lib\router\route.js:144:13)
    at Route.dispatch (C:\Users\ngocq\OneDrive\Desktop\Web\Tech Web API\Working API\node_modules\express\lib\router\route.js:114:3)
    at Layer.handle [as handle_request] (C:\Users\ngocq\OneDrive\Desktop\Web\Tech Web API\Working API\node_modules\express\lib\router\layer.js:95:5)
    at C:\Users\ngocq\OneDrive\Desktop\Web\Tech Web API\Working API\node_modules\express\lib\router\index.js:284:15
    at param (C:\Users\ngocq\OneDrive\Desktop\Web\Tech Web API\Working API\node_modules\express\lib\router\index.js:365:14)
    at param (C:\Users\ngocq\OneDrive\Desktop\Web\Tech Web API\Working API\node_modules\express\lib\router\index.js:376:14)
    at Function.process_params (C:\Users\ngocq\OneDrive\Desktop\Web\Tech Web API\Working API\node_modules\express\lib\router\index.js:421:3)
    at next (C:\Users\ngocq\OneDrive\Desktop\Web\Tech Web API\Working API\node_modules\express\lib\router\index.js:280:10)
ReferenceError: error is not defined
    at getOne (C:\Users\ngocq\OneDrive\Desktop\Web\Tech Web API\Working API\app\services\cpu.service.js:43:25)
    at Layer.handle [as handle_request] (C:\Users\ngocq\OneDrive\Desktop\Web\Tech Web API\Working API\node_modules\express\lib\router\layer.js:95:5)
    at next (C:\Users\ngocq\OneDrive\Desktop\Web\Tech Web API\Working API\node_modules\express\lib\router\route.js:144:13)
    at Route.dispatch (C:\Users\ngocq\OneDrive\Desktop\Web\Tech Web API\Working API\node_modules\express\lib\router\route.js:114:3)
    at Layer.handle [as handle_request] (C:\Users\ngocq\OneDrive\Desktop\Web\Tech Web API\Working API\node_modules\express\lib\router\layer.js:95:5)
    at C:\Users\ngocq\OneDrive\Desktop\Web\Tech Web API\Working API\node_modules\express\lib\router\index.js:284:15
    at param (C:\Users\ngocq\OneDrive\Desktop\Web\Tech Web API\Working API\node_modules\express\lib\router\index.js:365:14)
    at param (C:\Users\ngocq\OneDrive\Desktop\Web\Tech Web API\Working API\node_modules\express\lib\router\index.js:376:14)
    at Function.process_params (C:\Users\ngocq\OneDrive\Desktop\Web\Tech Web API\Working API\node_modules\express\lib\router\index.js:421:3)
    at next (C:\Users\ngocq\OneDrive\Desktop\Web\Tech Web API\Working API\node_modules\express\lib\router\index.js:280:10)
ReferenceError: error is not defined
    at getOne (C:\Users\ngocq\OneDrive\Desktop\Web\Tech Web API\Working API\app\services\cpu.service.js:43:25)
    at Layer.handle [as handle_request] (C:\Users\ngocq\OneDrive\Desktop\Web\Tech Web API\Working API\node_modules\express\lib\router\layer.js:95:5)
    at next (C:\Users\ngocq\OneDrive\Desktop\Web\Tech Web API\Working API\node_modules\express\lib\router\route.js:144:13)
    at Route.dispatch (C:\Users\ngocq\OneDrive\Desktop\Web\Tech Web API\Working API\node_modules\express\lib\router\route.js:114:3)
    at Layer.handle [as handle_request] (C:\Users\ngocq\OneDrive\Desktop\Web\Tech Web API\Working API\node_modules\express\lib\router\layer.js:95:5)
    at C:\Users\ngocq\OneDrive\Desktop\Web\Tech Web API\Working API\node_modules\express\lib\router\index.js:284:15
    at param (C:\Users\ngocq\OneDrive\Desktop\Web\Tech Web API\Working API\node_modules\express\lib\router\index.js:365:14)
    at param (C:\Users\ngocq\OneDrive\Desktop\Web\Tech Web API\Working API\node_modules\express\lib\router\index.js:376:14)
    at Function.process_params (C:\Users\ngocq\OneDrive\Desktop\Web\Tech Web API\Working API\node_modules\express\lib\router\index.js:421:3)
    at next (C:\Users\ngocq\OneDrive\Desktop\Web\Tech Web API\Working API\node_modules\express\lib\router\index.js:280:10)
ReferenceError: error is not defined
    at getOne (C:\Users\ngocq\OneDrive\Desktop\Web\Tech Web API\Working API\app\services\cpu.service.js:43:25)
    at Layer.handle [as handle_request] (C:\Users\ngocq\OneDrive\Desktop\Web\Tech Web API\Working API\node_modules\express\lib\router\layer.js:95:5)
    at next (C:\Users\ngocq\OneDrive\Desktop\Web\Tech Web API\Working API\node_modules\express\lib\router\route.js:144:13)
    at Route.dispatch (C:\Users\ngocq\OneDrive\Desktop\Web\Tech Web API\Working API\node_modules\express\lib\router\route.js:114:3)
    at Layer.handle [as handle_request] (C:\Users\ngocq\OneDrive\Desktop\Web\Tech Web API\Working API\node_modules\express\lib\router\layer.js:95:5)
    at C:\Users\ngocq\OneDrive\Desktop\Web\Tech Web API\Working API\node_modules\express\lib\router\index.js:284:15
    at param (C:\Users\ngocq\OneDrive\Desktop\Web\Tech Web API\Working API\node_modules\express\lib\router\index.js:365:14)
    at param (C:\Users\ngocq\OneDrive\Desktop\Web\Tech Web API\Working API\node_modules\express\lib\router\index.js:376:14)
    at Function.process_params (C:\Users\ngocq\OneDrive\Desktop\Web\Tech Web API\Working API\node_modules\express\lib\router\index.js:421:3)
    at next (C:\Users\ngocq\OneDrive\Desktop\Web\Tech Web API\Working API\node_modules\express\lib\router\index.js:280:10)
ReferenceError: error is not defined
    at getOne (C:\Users\ngocq\OneDrive\Desktop\Web\Tech Web API\Working API\app\services\laptop.service.js:82:25)
    at Layer.handle [as handle_request] (C:\Users\ngocq\OneDrive\Desktop\Web\Tech Web API\Working API\node_modules\express\lib\router\layer.js:95:5)
    at next (C:\Users\ngocq\OneDrive\Desktop\Web\Tech Web API\Working API\node_modules\express\lib\router\route.js:144:13)
    at Route.dispatch (C:\Users\ngocq\OneDrive\Desktop\Web\Tech Web API\Working API\node_modules\express\lib\router\route.js:114:3)
    at Layer.handle [as handle_request] (C:\Users\ngocq\OneDrive\Desktop\Web\Tech Web API\Working API\node_modules\express\lib\router\layer.js:95:5)
    at C:\Users\ngocq\OneDrive\Desktop\Web\Tech Web API\Working API\node_modules\express\lib\router\index.js:284:15
    at param (C:\Users\ngocq\OneDrive\Desktop\Web\Tech Web API\Working API\node_modules\express\lib\router\index.js:365:14)
    at param (C:\Users\ngocq\OneDrive\Desktop\Web\Tech Web API\Working API\node_modules\express\lib\router\index.js:376:14)
    at Function.process_params (C:\Users\ngocq\OneDrive\Desktop\Web\Tech Web API\Working API\node_modules\express\lib\router\index.js:421:3)
    at next (C:\Users\ngocq\OneDrive\Desktop\Web\Tech Web API\Working API\node_modules\express\lib\router\index.js:280:10)
You have triggered an unhandledRejection, you may have forgotten to catch a Promise rejection:
Error
    at Query.run (C:\Users\ngocq\OneDrive\Desktop\Web\Tech Web API\Working API\node_modules\sequelize\lib\dialects\mysql\query.js:52:25)
    at C:\Users\ngocq\OneDrive\Desktop\Web\Tech Web API\Working API\node_modules\sequelize\lib\sequelize.js:315:28
    at process.processTicksAndRejections (node:internal/process/task_queues:95:5)
    at async MySQLQueryInterface.select (C:\Users\ngocq\OneDrive\Desktop\Web\Tech Web API\Working API\node_modules\sequelize\lib\dialects\abstract\query-interface.js:407:12)
    at async laptop.findAll (C:\Users\ngocq\OneDrive\Desktop\Web\Tech Web API\Working API\node_modules\sequelize\lib\model.js:1140:21)
    at async laptop.findOne (C:\Users\ngocq\OneDrive\Desktop\Web\Tech Web API\Working API\node_modules\sequelize\lib\model.js:1240:12)
You have triggered an unhandledRejection, you may have forgotten to catch a Promise rejection:
Error
    at Query.run (C:\Users\ngocq\OneDrive\Desktop\Web\Tech Web API\Working API\node_modules\sequelize\lib\dialects\mysql\query.js:52:25)
    at C:\Users\ngocq\OneDrive\Desktop\Web\Tech Web API\Working API\node_modules\sequelize\lib\sequelize.js:315:28
    at process.processTicksAndRejections (node:internal/process/task_queues:95:5)
    at async MySQLQueryInterface.select (C:\Users\ngocq\OneDrive\Desktop\Web\Tech Web API\Working API\node_modules\sequelize\lib\dialects\abstract\query-interface.js:407:12)
    at async laptop.findAll (C:\Users\ngocq\OneDrive\Desktop\Web\Tech Web API\Working API\node_modules\sequelize\lib\model.js:1140:21)
    at async laptop.findOne (C:\Users\ngocq\OneDrive\Desktop\Web\Tech Web API\Working API\node_modules\sequelize\lib\model.js:1240:12)
You have triggered an unhandledRejection, you may have forgotten to catch a Promise rejection:
Error
    at Query.run (C:\Users\ngocq\OneDrive\Desktop\Web\Tech Web API\Working API\node_modules\sequelize\lib\dialects\mysql\query.js:52:25)
    at C:\Users\ngocq\OneDrive\Desktop\Web\Tech Web API\Working API\node_modules\sequelize\lib\sequelize.js:315:28
    at process.processTicksAndRejections (node:internal/process/task_queues:95:5)
    at async MySQLQueryInterface.select (C:\Users\ngocq\OneDrive\Desktop\Web\Tech Web API\Working API\node_modules\sequelize\lib\dialects\abstract\query-interface.js:407:12)
    at async laptop.findAll (C:\Users\ngocq\OneDrive\Desktop\Web\Tech Web API\Working API\node_modules\sequelize\lib\model.js:1140:21)
    at async laptop.findOne (C:\Users\ngocq\OneDrive\Desktop\Web\Tech Web API\Working API\node_modules\sequelize\lib\model.js:1240:12)
You have triggered an unhandledRejection, you may have forgotten to catch a Promise rejection:
Error
    at Query.run (C:\Users\ngocq\OneDrive\Desktop\Web\Tech Web API\Working API\node_modules\sequelize\lib\dialects\mysql\query.js:52:25)
    at C:\Users\ngocq\OneDrive\Desktop\Web\Tech Web API\Working API\node_modules\sequelize\lib\sequelize.js:315:28
    at process.processTicksAndRejections (node:internal/process/task_queues:95:5)
    at async MySQLQueryInterface.select (C:\Users\ngocq\OneDrive\Desktop\Web\Tech Web API\Working API\node_modules\sequelize\lib\dialects\abstract\query-interface.js:407:12)
    at async laptop.findAll (C:\Users\ngocq\OneDrive\Desktop\Web\Tech Web API\Working API\node_modules\sequelize\lib\model.js:1140:21)
    at async laptop.findOne (C:\Users\ngocq\OneDrive\Desktop\Web\Tech Web API\Working API\node_modules\sequelize\lib\model.js:1240:12)
You have triggered an unhandledRejection, you may have forgotten to catch a Promise rejection:
Error
    at Query.run (C:\Users\ngocq\OneDrive\Desktop\Web\Tech Web API\Working API\node_modules\sequelize\lib\dialects\mysql\query.js:52:25)
    at C:\Users\ngocq\OneDrive\Desktop\Web\Tech Web API\Working API\node_modules\sequelize\lib\sequelize.js:315:28
    at process.processTicksAndRejections (node:internal/process/task_queues:95:5)
    at async MySQLQueryInterface.select (C:\Users\ngocq\OneDrive\Desktop\Web\Tech Web API\Working API\node_modules\sequelize\lib\dialects\abstract\query-interface.js:407:12)
    at async laptop.findAll (C:\Users\ngocq\OneDrive\Desktop\Web\Tech Web API\Working API\node_modules\sequelize\lib\model.js:1140:21)
    at async laptop.findOne (C:\Users\ngocq\OneDrive\Desktop\Web\Tech Web API\Working API\node_modules\sequelize\lib\model.js:1240:12)
You have triggered an unhandledRejection, you may have forgotten to catch a Promise rejection:
Error
    at Query.run (C:\Users\ngocq\OneDrive\Desktop\Web\Tech Web API\Working API\node_modules\sequelize\lib\dialects\mysql\query.js:52:25)
    at C:\Users\ngocq\OneDrive\Desktop\Web\Tech Web API\Working API\node_modules\sequelize\lib\sequelize.js:315:28
    at process.processTicksAndRejections (node:internal/process/task_queues:95:5)
    at async MySQLQueryInterface.select (C:\Users\ngocq\OneDrive\Desktop\Web\Tech Web API\Working API\node_modules\sequelize\lib\dialects\abstract\query-interface.js:407:12)
    at async laptop.findAll (C:\Users\ngocq\OneDrive\Desktop\Web\Tech Web API\Working API\node_modules\sequelize\lib\model.js:1140:21)
    at async laptop.findOne (C:\Users\ngocq\OneDrive\Desktop\Web\Tech Web API\Working API\node_modules\sequelize\lib\model.js:1240:12)
You have triggered an unhandledRejection, you may have forgotten to catch a Promise rejection:
Error
    at Query.run (C:\Users\ngocq\OneDrive\Desktop\Web\Tech Web API\Working API\node_modules\sequelize\lib\dialects\mysql\query.js:52:25)
    at C:\Users\ngocq\OneDrive\Desktop\Web\Tech Web API\Working API\node_modules\sequelize\lib\sequelize.js:315:28
    at process.processTicksAndRejections (node:internal/process/task_queues:95:5)
    at async MySQLQueryInterface.select (C:\Users\ngocq\OneDrive\Desktop\Web\Tech Web API\Working API\node_modules\sequelize\lib\dialects\abstract\query-interface.js:407:12)
    at async laptop.findAll (C:\Users\ngocq\OneDrive\Desktop\Web\Tech Web API\Working API\node_modules\sequelize\lib\model.js:1140:21)
    at async laptop.findOne (C:\Users\ngocq\OneDrive\Desktop\Web\Tech Web API\Working API\node_modules\sequelize\lib\model.js:1240:12)
You have triggered an unhandledRejection, you may have forgotten to catch a Promise rejection:
Error
    at Query.run (C:\Users\ngocq\OneDrive\Desktop\Web\Tech Web API\Working API\node_modules\sequelize\lib\dialects\mysql\query.js:52:25)
    at C:\Users\ngocq\OneDrive\Desktop\Web\Tech Web API\Working API\node_modules\sequelize\lib\sequelize.js:315:28
    at process.processTicksAndRejections (node:internal/process/task_queues:95:5)
    at async MySQLQueryInterface.select (C:\Users\ngocq\OneDrive\Desktop\Web\Tech Web API\Working API\node_modules\sequelize\lib\dialects\abstract\query-interface.js:407:12)
    at async laptop.findAll (C:\Users\ngocq\OneDrive\Desktop\Web\Tech Web API\Working API\node_modules\sequelize\lib\model.js:1140:21)
    at async laptop.findOne (C:\Users\ngocq\OneDrive\Desktop\Web\Tech Web API\Working API\node_modules\sequelize\lib\model.js:1240:12)
You have triggered an unhandledRejection, you may have forgotten to catch a Promise rejection:
Error
    at Query.run (C:\Users\ngocq\OneDrive\Desktop\Web\Tech Web API\Working API\node_modules\sequelize\lib\dialects\mysql\query.js:52:25)
    at C:\Users\ngocq\OneDrive\Desktop\Web\Tech Web API\Working API\node_modules\sequelize\lib\sequelize.js:315:28
    at process.processTicksAndRejections (node:internal/process/task_queues:95:5)
    at async MySQLQueryInterface.select (C:\Users\ngocq\OneDrive\Desktop\Web\Tech Web API\Working API\node_modules\sequelize\lib\dialects\abstract\query-interface.js:407:12)
    at async laptop.findAll (C:\Users\ngocq\OneDrive\Desktop\Web\Tech Web API\Working API\node_modules\sequelize\lib\model.js:1140:21)
    at async laptop.findOne (C:\Users\ngocq\OneDrive\Desktop\Web\Tech Web API\Working API\node_modules\sequelize\lib\model.js:1240:12)
You have triggered an unhandledRejection, you may have forgotten to catch a Promise rejection:
Error
    at Query.run (C:\Users\ngocq\OneDrive\Desktop\Web\Tech Web API\Working API\node_modules\sequelize\lib\dialects\mysql\query.js:52:25)
    at C:\Users\ngocq\OneDrive\Desktop\Web\Tech Web API\Working API\node_modules\sequelize\lib\sequelize.js:315:28
    at process.processTicksAndRejections (node:internal/process/task_queues:95:5)
    at async MySQLQueryInterface.select (C:\Users\ngocq\OneDrive\Desktop\Web\Tech Web API\Working API\node_modules\sequelize\lib\dialects\abstract\query-interface.js:407:12)
    at async laptop.findAll (C:\Users\ngocq\OneDrive\Desktop\Web\Tech Web API\Working API\node_modules\sequelize\lib\model.js:1140:21)
    at async laptop.findOne (C:\Users\ngocq\OneDrive\Desktop\Web\Tech Web API\Working API\node_modules\sequelize\lib\model.js:1240:12)
You have triggered an unhandledRejection, you may have forgotten to catch a Promise rejection:
Error
    at Query.run (C:\Users\ngocq\OneDrive\Desktop\Web\Tech Web API\Working API\node_modules\sequelize\lib\dialects\mysql\query.js:52:25)
    at C:\Users\ngocq\OneDrive\Desktop\Web\Tech Web API\Working API\node_modules\sequelize\lib\sequelize.js:315:28
    at process.processTicksAndRejections (node:internal/process/task_queues:95:5)
    at async MySQLQueryInterface.select (C:\Users\ngocq\OneDrive\Desktop\Web\Tech Web API\Working API\node_modules\sequelize\lib\dialects\abstract\query-interface.js:407:12)
    at async laptop.findAll (C:\Users\ngocq\OneDrive\Desktop\Web\Tech Web API\Working API\node_modules\sequelize\lib\model.js:1140:21)
    at async laptop.findOne (C:\Users\ngocq\OneDrive\Desktop\Web\Tech Web API\Working API\node_modules\sequelize\lib\model.js:1240:12)
You have triggered an unhandledRejection, you may have forgotten to catch a Promise rejection:
Error
    at Query.run (C:\Users\ngocq\OneDrive\Desktop\Web\Tech Web API\Working API\node_modules\sequelize\lib\dialects\mysql\query.js:52:25)
    at C:\Users\ngocq\OneDrive\Desktop\Web\Tech Web API\Working API\node_modules\sequelize\lib\sequelize.js:315:28
    at process.processTicksAndRejections (node:internal/process/task_queues:95:5)
    at async MySQLQueryInterface.select (C:\Users\ngocq\OneDrive\Desktop\Web\Tech Web API\Working API\node_modules\sequelize\lib\dialects\abstract\query-interface.js:407:12)
    at async laptop.findAll (C:\Users\ngocq\OneDrive\Desktop\Web\Tech Web API\Working API\node_modules\sequelize\lib\model.js:1140:21)
    at async laptop.findOne (C:\Users\ngocq\OneDrive\Desktop\Web\Tech Web API\Working API\node_modules\sequelize\lib\model.js:1240:12)
You have triggered an unhandledRejection, you may have forgotten to catch a Promise rejection:
Error
    at Query.run (C:\Users\ngocq\OneDrive\Desktop\Web\Tech Web API\Working API\node_modules\sequelize\lib\dialects\mysql\query.js:52:25)
    at C:\Users\ngocq\OneDrive\Desktop\Web\Tech Web API\Working API\node_modules\sequelize\lib\sequelize.js:315:28
    at process.processTicksAndRejections (node:internal/process/task_queues:95:5)
    at async MySQLQueryInterface.select (C:\Users\ngocq\OneDrive\Desktop\Web\Tech Web API\Working API\node_modules\sequelize\lib\dialects\abstract\query-interface.js:407:12)
    at async laptop.findAll (C:\Users\ngocq\OneDrive\Desktop\Web\Tech Web API\Working API\node_modules\sequelize\lib\model.js:1140:21)
    at async laptop.findOne (C:\Users\ngocq\OneDrive\Desktop\Web\Tech Web API\Working API\node_modules\sequelize\lib\model.js:1240:12)
You have triggered an unhandledRejection, you may have forgotten to catch a Promise rejection:
Error
    at Query.run (C:\Users\ngocq\OneDrive\Desktop\Web\Tech Web API\Working API\node_modules\sequelize\lib\dialects\mysql\query.js:52:25)
    at C:\Users\ngocq\OneDrive\Desktop\Web\Tech Web API\Working API\node_modules\sequelize\lib\sequelize.js:315:28
    at process.processTicksAndRejections (node:internal/process/task_queues:95:5)
    at async MySQLQueryInterface.select (C:\Users\ngocq\OneDrive\Desktop\Web\Tech Web API\Working API\node_modules\sequelize\lib\dialects\abstract\query-interface.js:407:12)
    at async laptop.findAll (C:\Users\ngocq\OneDrive\Desktop\Web\Tech Web API\Working API\node_modules\sequelize\lib\model.js:1140:21)
    at async laptop.findOne (C:\Users\ngocq\OneDrive\Desktop\Web\Tech Web API\Working API\node_modules\sequelize\lib\model.js:1240:12)
You have triggered an unhandledRejection, you may have forgotten to catch a Promise rejection:
Error
    at Query.run (C:\Users\ngocq\OneDrive\Desktop\Web\Tech Web API\Working API\node_modules\sequelize\lib\dialects\mysql\query.js:52:25)
    at C:\Users\ngocq\OneDrive\Desktop\Web\Tech Web API\Working API\node_modules\sequelize\lib\sequelize.js:315:28
    at process.processTicksAndRejections (node:internal/process/task_queues:95:5)
    at async MySQLQueryInterface.select (C:\Users\ngocq\OneDrive\Desktop\Web\Tech Web API\Working API\node_modules\sequelize\lib\dialects\abstract\query-interface.js:407:12)
    at async laptop.findAll (C:\Users\ngocq\OneDrive\Desktop\Web\Tech Web API\Working API\node_modules\sequelize\lib\model.js:1140:21)
    at async laptop.findOne (C:\Users\ngocq\OneDrive\Desktop\Web\Tech Web API\Working API\node_modules\sequelize\lib\model.js:1240:12)
You have triggered an unhandledRejection, you may have forgotten to catch a Promise rejection:
SequelizeConnectionRefusedError: connect ECONNREFUSED 127.0.0.1:3306
    at ConnectionManager.connect (C:\Users\ngocq\OneDrive\Desktop\Web\Tech Web API\Working API\node_modules\sequelize\lib\dialects\mysql\connection-manager.js:92:17)
    at process.processTicksAndRejections (node:internal/process/task_queues:95:5)
    at async ConnectionManager._connect (C:\Users\ngocq\OneDrive\Desktop\Web\Tech Web API\Working API\node_modules\sequelize\lib\dialects\abstract\connection-manager.js:222:24)
    at async C:\Users\ngocq\OneDrive\Desktop\Web\Tech Web API\Working API\node_modules\sequelize\lib\dialects\abstract\connection-manager.js:174:32
    at async ConnectionManager.getConnection (C:\Users\ngocq\OneDrive\Desktop\Web\Tech Web API\Working API\node_modules\sequelize\lib\dialects\abstract\connection-manager.js:197:7)
    at async C:\Users\ngocq\OneDrive\Desktop\Web\Tech Web API\Working API\node_modules\sequelize\lib\sequelize.js:305:26
    at async MySQLQueryInterface.select (C:\Users\ngocq\OneDrive\Desktop\Web\Tech Web API\Working API\node_modules\sequelize\lib\dialects\abstract\query-interface.js:407:12)
    at async laptop.findAll (C:\Users\ngocq\OneDrive\Desktop\Web\Tech Web API\Working API\node_modules\sequelize\lib\model.js:1140:21)
    at async laptop.findOne (C:\Users\ngocq\OneDrive\Desktop\Web\Tech Web API\Working API\node_modules\sequelize\lib\model.js:1240:12)
