API V2.1 started to listening on port 3333
API V2.1 started to listening on port 3333
getall
::1 - - [03/Sep/2023:16:15:54 +0000] "GET /cpu HTTP/1.1" 200 69 "-" "PostmanRuntime/7.32.3"
API V2.1 started to listening on port 3333
::1 - - [04/Sep/2023:10:22:20 +0000] "GET /account HTTP/1.1" 404 146 "-" "PostmanRuntime/7.32.3"
[0mGET /account [33m404[0m 1.718 ms - 146[0m
::1 - - [04/Sep/2023:10:22:25 +0000] "GET /accounts HTTP/1.1" 400 337 "-" "PostmanRuntime/7.32.3"
[0mGET /accounts [33m400[0m 7.080 ms - 337[0m
::1 - - [04/Sep/2023:10:23:17 +0000] "GET /accounts HTTP/1.1" 400 558 "-" "PostmanRuntime/7.32.3"
[0mGET /accounts [33m400[0m 18.266 ms - 558[0m
getall
::1 - - [04/Sep/2023:10:24:12 +0000] "GET /cpu HTTP/1.1" 200 69 "-" "PostmanRuntime/7.32.3"
get One CPU
::1 - - [04/Sep/2023:10:24:22 +0000] "GET /cpu/:i5-13500 HTTP/1.1" 500 1585 "-" "PostmanRuntime/7.32.3"
[0mGET /cpu/:i5-13500 [31m500[0m 0.863 ms - 1585[0m
get One CPU
::1 - - [04/Sep/2023:10:24:27 +0000] "GET /cpu/:i513500 HTTP/1.1" 500 1585 "-" "PostmanRuntime/7.32.3"
[0mGET /cpu/:i513500 [31m500[0m 0.717 ms - 1585[0m
get One CPU
::1 - - [04/Sep/2023:10:24:29 +0000] "GET /cpu/:i5_13500 HTTP/1.1" 500 1585 "-" "PostmanRuntime/7.32.3"
[0mGET /cpu/:i5_13500 [31m500[0m 0.557 ms - 1585[0m
get One CPU
::1 - - [04/Sep/2023:10:24:30 +0000] "GET /cpu/:i513500 HTTP/1.1" 500 1585 "-" "PostmanRuntime/7.32.3"
[0mGET /cpu/:i513500 [31m500[0m 0.468 ms - 1585[0m
get One CPU
::1 - - [04/Sep/2023:10:24:31 +0000] "GET /cpu/:i5%2013500 HTTP/1.1" 500 1585 "-" "PostmanRuntime/7.32.3"
[0mGET /cpu/:i5%2013500 [31m500[0m 0.465 ms - 1585[0m
get One CPU
::1 - - [04/Sep/2023:10:24:35 +0000] "GET /cpu/i5%2013500 HTTP/1.1" 500 1585 "-" "PostmanRuntime/7.32.3"
[0mGET /cpu/i5%2013500 [31m500[0m 0.489 ms - 1585[0m
get One CPU
::1 - - [04/Sep/2023:10:24:41 +0000] "GET /cpu/i5-13500 HTTP/1.1" 500 1585 "-" "PostmanRuntime/7.32.3"
[0mGET /cpu/i5-13500 [31m500[0m 0.385 ms - 1585[0m
get One CPU
::1 - - [04/Sep/2023:10:24:42 +0000] "GET /cpu/i5-13500 HTTP/1.1" 500 1585 "-" "PostmanRuntime/7.32.3"
[0mGET /cpu/i5-13500 [31m500[0m 0.458 ms - 1585[0m
getall
::1 - - [04/Sep/2023:10:24:57 +0000] "GET /laptop HTTP/1.1" 200 72 "-" "PostmanRuntime/7.32.3"
::1 - - [04/Sep/2023:10:46:04 +0000] "POST /cpu HTTP/1.1" 404 143 "-" "PostmanRuntime/7.32.3"
[0mPOST /cpu [33m404[0m 9.354 ms - 143[0m
::1 - - [04/Sep/2023:10:47:47 +0000] "POST /cpu HTTP/1.1" 404 143 "-" "PostmanRuntime/7.32.3"
[0mPOST /cpu [33m404[0m 0.589 ms - 143[0m
get One CPU
::1 - - [04/Sep/2023:10:48:08 +0000] "GET /cpu/i5-13500 HTTP/1.1" 500 1585 "-" "PostmanRuntime/7.32.3"
[0mGET /cpu/i5-13500 [31m500[0m 0.521 ms - 1585[0m
::1 - - [04/Sep/2023:10:48:55 +0000] "PUT /cpu/:i5_13500 HTTP/1.1" - - "-" "PostmanRuntime/7.32.3"
::1 - - [04/Sep/2023:10:52:03 +0000] "PUT /cpu HTTP/1.1" - - "-" "PostmanRuntime/7.32.3"
::1 - - [04/Sep/2023:10:52:03 +0000] "PUT /gpu HTTP/1.1" 404 142 "-" "PostmanRuntime/7.32.3"
[0mPUT /gpu [33m404[0m 0.327 ms - 142[0m
::1 - - [04/Sep/2023:10:52:06 +0000] "PUT /gpu HTTP/1.1" 404 142 "-" "PostmanRuntime/7.32.3"
[0mPUT /gpu [33m404[0m 0.487 ms - 142[0m
::1 - - [04/Sep/2023:10:52:12 +0000] "GET /gpu HTTP/1.1" 404 142 "-" "PostmanRuntime/7.32.3"
[0mGET /gpu [33m404[0m 0.404 ms - 142[0m
getall
::1 - - [04/Sep/2023:10:52:20 +0000] "GET /laptop HTTP/1.1" 200 72 "-" "PostmanRuntime/7.32.3"
API V2.1 started to listening on port 3333
API V2.1 started to listening on port 3333
API V2.1 started to listening on port 3333
::1 - - [04/Sep/2023:10:54:40 +0000] "GET /accounts HTTP/1.1" 400 558 "-" "PostmanRuntime/7.32.3"
[0mGET /accounts [33m400[0m 25.598 ms - 558[0m
API V2.1 started to listening on port 3333
API V2.1 started to listening on port 3333
API V2.1 started to listening on port 3333
API V2.1 started to listening on port 3333
API V2.1 started to listening on port 3333
API V2.1 started to listening on port 3333
API V2.1 started to listening on port 3333
API V2.1 started to listening on port 3333
API V2.1 started to listening on port 3333
API V2.1 started to listening on port 3333
API V2.1 started to listening on port 3333
API V2.1 started to listening on port 3333
API V2.1 started to listening on port 3333
API V2.1 started to listening on port 3333
API V2.1 started to listening on port 3333
API V2.1 started to listening on port 3333
API V2.1 started to listening on port 3333
API V2.1 started to listening on port 3333
::1 - - [04/Sep/2023:11:09:02 +0000] "GET /accounts HTTP/1.1" 400 558 "-" "PostmanRuntime/7.32.3"
[0mGET /accounts [33m400[0m 25.276 ms - 558[0m
::1 - - [04/Sep/2023:11:09:03 +0000] "GET /accounts HTTP/1.1" 400 558 "-" "PostmanRuntime/7.32.3"
[0mGET /accounts [33m400[0m 2.332 ms - 558[0m
::1 - - [04/Sep/2023:11:09:03 +0000] "GET /accounts HTTP/1.1" 400 558 "-" "PostmanRuntime/7.32.3"
[0mGET /accounts [33m400[0m 1.844 ms - 558[0m
::1 - - [04/Sep/2023:11:09:05 +0000] "GET /accounts HTTP/1.1" 400 558 "-" "PostmanRuntime/7.32.3"
[0mGET /accounts [33m400[0m 1.261 ms - 558[0m
API V2.1 started to listening on port 3333
API V2.1 started to listening on port 3333
API V2.1 started to listening on port 3333
API V2.1 started to listening on port 3333
::1 - - [04/Sep/2023:11:09:32 +0000] "GET /accounts HTTP/1.1" 200 872 "-" "PostmanRuntime/7.32.3"
getall
::1 - - [04/Sep/2023:11:09:56 +0000] "GET /cpu HTTP/1.1" 200 69 "-" "PostmanRuntime/7.32.3"
get One CPU
::1 - - [04/Sep/2023:11:10:01 +0000] "GET /cpu/i5-13500 HTTP/1.1" 500 1585 "-" "PostmanRuntime/7.32.3"
[0mGET /cpu/i5-13500 [31m500[0m 1.648 ms - 1585[0m
API V2.1 started to listening on port 3333
API V2.1 started to listening on port 3333
get One CPU
::1 - - [04/Sep/2023:11:10:33 +0000] "GET /cpu/i5-13500 HTTP/1.1" 500 1585 "-" "PostmanRuntime/7.32.3"
[0mGET /cpu/i5-13500 [31m500[0m 2.123 ms - 1585[0m
get One CPU
::1 - - [04/Sep/2023:11:10:34 +0000] "GET /cpu/i5-13500 HTTP/1.1" 500 1585 "-" "PostmanRuntime/7.32.3"
[0mGET /cpu/i5-13500 [31m500[0m 0.786 ms - 1585[0m
::1 - - [04/Sep/2023:11:10:40 +0000] "PUT /gpu HTTP/1.1" 404 142 "-" "PostmanRuntime/7.32.3"
[0mPUT /gpu [33m404[0m 7.312 ms - 142[0m
::1 - - [04/Sep/2023:11:10:44 +0000] "PUT /accounts HTTP/1.1" 200 74 "-" "PostmanRuntime/7.32.3"
API V2.1 started to listening on port 3333
::1 - - [04/Sep/2023:11:21:06 +0000] "PUT /laptop HTTP/1.1" - - "-" "PostmanRuntime/7.32.3"
get One CPU
::1 - - [04/Sep/2023:11:21:14 +0000] "GET /cpu/i5-13500 HTTP/1.1" 500 1585 "-" "PostmanRuntime/7.32.3"
[0mGET /cpu/i5-13500 [31m500[0m 3.231 ms - 1585[0m
getall
::1 - - [04/Sep/2023:11:22:29 +0000] "GET /cpu HTTP/1.1" 200 69 "-" "PostmanRuntime/7.32.3"
API V2.1 started to listening on port 3333
getall
::1 - - [04/Sep/2023:11:22:41 +0000] "GET /cpu HTTP/1.1" 200 69 "-" "PostmanRuntime/7.32.3"
getall
::1 - - [04/Sep/2023:11:22:42 +0000] "GET /cpu HTTP/1.1" 200 69 "-" "PostmanRuntime/7.32.3"
API V2.1 started to listening on port 3333
getall
::1 - - [04/Sep/2023:11:23:02 +0000] "GET /cpu HTTP/1.1" 200 69 "-" "PostmanRuntime/7.32.3"
getall
::1 - - [04/Sep/2023:11:23:03 +0000] "GET /cpu HTTP/1.1" 200 69 "-" "PostmanRuntime/7.32.3"
API V2.1 started to listening on port 3333
getall
::1 - - [04/Sep/2023:11:23:17 +0000] "GET /cpu HTTP/1.1" 200 69 "-" "PostmanRuntime/7.32.3"
getall
::1 - - [04/Sep/2023:11:23:18 +0000] "GET /cpu HTTP/1.1" 200 69 "-" "PostmanRuntime/7.32.3"
getall
::1 - - [04/Sep/2023:11:23:20 +0000] "GET /cpu HTTP/1.1" 200 69 "-" "PostmanRuntime/7.32.3"
getall
::1 - - [04/Sep/2023:11:23:20 +0000] "GET /cpu HTTP/1.1" 200 69 "-" "PostmanRuntime/7.32.3"
API V2.1 started to listening on port 3333
API V2.1 started to listening on port 3333
API V2.1 started to listening on port 3333
API V2.1 started to listening on port 3333
API V2.1 started to listening on port 3333
API V2.1 started to listening on port 3333
API V2.1 started to listening on port 3333
getall
::1 - - [04/Sep/2023:11:39:05 +0000] "GET /cpu HTTP/1.1" 200 69 "-" "PostmanRuntime/7.32.3"
::1 - - [04/Sep/2023:11:39:10 +0000] "GET /accounts HTTP/1.1" 200 872 "-" "PostmanRuntime/7.32.3"
API V2.1 started to listening on port 3333
API V2.1 started to listening on port 3333
API V2.1 started to listening on port 3333
API V2.1 started to listening on port 3333
API V2.1 started to listening on port 3333
::1 - - [04/Sep/2023:11:40:05 +0000] "GET /accounts HTTP/1.1" 200 872 "-" "PostmanRuntime/7.32.3"
::1 - - [04/Sep/2023:11:40:10 +0000] "GET /accounts/1 HTTP/1.1" 400 56 "-" "PostmanRuntime/7.32.3"
[0mGET /accounts/1 [33m400[0m 2.912 ms - 56[0m
::1 - - [04/Sep/2023:11:40:12 +0000] "GET /account/1 HTTP/1.1" 404 148 "-" "PostmanRuntime/7.32.3"
[0mGET /account/1 [33m404[0m 1.398 ms - 148[0m
::1 - - [04/Sep/2023:11:40:15 +0000] "GET /account HTTP/1.1" 404 146 "-" "PostmanRuntime/7.32.3"
[0mGET /account [33m404[0m 0.483 ms - 146[0m
::1 - - [04/Sep/2023:11:40:30 +0000] "GET /accounts/godmode HTTP/1.1" 400 56 "-" "PostmanRuntime/7.32.3"
[0mGET /accounts/godmode [33m400[0m 2.101 ms - 56[0m
::1 - - [04/Sep/2023:11:40:41 +0000] "GET /accounts/admin HTTP/1.1" 400 56 "-" "PostmanRuntime/7.32.3"
[0mGET /accounts/admin [33m400[0m 2.159 ms - 56[0m
::1 - - [04/Sep/2023:11:40:44 +0000] "GET /accounts/guest HTTP/1.1" 400 56 "-" "PostmanRuntime/7.32.3"
[0mGET /accounts/guest [33m400[0m 1.175 ms - 56[0m
::1 - - [04/Sep/2023:11:40:45 +0000] "GET /accounts/guest HTTP/1.1" 400 56 "-" "PostmanRuntime/7.32.3"
[0mGET /accounts/guest [33m400[0m 1.326 ms - 56[0m
API V2.1 started to listening on port 3333
API V2.1 started to listening on port 3333
API V2.1 started to listening on port 3333
::1 - - [04/Sep/2023:11:44:53 +0000] "GET /accounts/register HTTP/1.1" 400 56 "-" "PostmanRuntime/7.32.3"
[0mGET /accounts/register [33m400[0m 22.886 ms - 56[0m
::1 - - [04/Sep/2023:11:44:54 +0000] "GET /accounts/register HTTP/1.1" 400 56 "-" "PostmanRuntime/7.32.3"
[0mGET /accounts/register [33m400[0m 2.209 ms - 56[0m
API V2.1 started to listening on port 3333
API V2.1 started to listening on port 3333
API V2.1 started to listening on port 3333
API V2.1 started to listening on port 3333
API V2.1 started to listening on port 3333
API V2.1 started to listening on port 3333
API V2.1 started to listening on port 3333
API V2.1 started to listening on port 3333
API V2.1 started to listening on port 3333
::1 - - [04/Sep/2023:11:48:20 +0000] "GET /accounts/register HTTP/1.1" 400 56 "-" "PostmanRuntime/7.32.3"
[0mGET /accounts/register [33m400[0m 24.448 ms - 56[0m
::1 - - [04/Sep/2023:11:48:21 +0000] "GET /accounts/register HTTP/1.1" 400 56 "-" "PostmanRuntime/7.32.3"
[0mGET /accounts/register [33m400[0m 2.514 ms - 56[0m
::1 - - [04/Sep/2023:11:48:22 +0000] "GET /accounts/register HTTP/1.1" 400 56 "-" "PostmanRuntime/7.32.3"
[0mGET /accounts/register [33m400[0m 1.461 ms - 56[0m
::1 - - [04/Sep/2023:11:48:22 +0000] "GET /accounts/register HTTP/1.1" 400 56 "-" "PostmanRuntime/7.32.3"
[0mGET /accounts/register [33m400[0m 1.454 ms - 56[0m
::1 - - [04/Sep/2023:11:48:26 +0000] "GET /accounts HTTP/1.1" 200 872 "-" "PostmanRuntime/7.32.3"
API V2.1 started to listening on port 3333
API V2.1 started to listening on port 3333
API V2.1 started to listening on port 3333
API V2.1 started to listening on port 3333
API V2.1 started to listening on port 3333
::1 - - [04/Sep/2023:11:53:02 +0000] "GET /accounts HTTP/1.1" 200 872 "-" "PostmanRuntime/7.32.3"
::1 - - [04/Sep/2023:11:53:11 +0000] "GET /accounts/register HTTP/1.1" 400 56 "-" "PostmanRuntime/7.32.3"
[0mGET /accounts/register [33m400[0m 2.991 ms - 56[0m
::1 - - [04/Sep/2023:11:53:21 +0000] "GET /accounts/godmode HTTP/1.1" 400 56 "-" "PostmanRuntime/7.32.3"
[0mGET /accounts/godmode [33m400[0m 2.391 ms - 56[0m
::1 - - [04/Sep/2023:11:53:26 +0000] "GET /accounts/god HTTP/1.1" 400 56 "-" "PostmanRuntime/7.32.3"
[0mGET /accounts/god [33m400[0m 1.710 ms - 56[0m
::1 - - [04/Sep/2023:11:53:29 +0000] "GET /accounts/guest HTTP/1.1" 400 56 "-" "PostmanRuntime/7.32.3"
[0mGET /accounts/guest [33m400[0m 1.151 ms - 56[0m
API V2.1 started to listening on port 3333
API V2.1 started to listening on port 3333
API V2.1 started to listening on port 3333
API V2.1 started to listening on port 3333
API V2.1 started to listening on port 3333
API V2.1 started to listening on port 3333
::1 - - [04/Sep/2023:11:54:27 +0000] "GET /accounts/guest HTTP/1.1" 400 56 "-" "PostmanRuntime/7.32.3"
[0mGET /accounts/guest [33m400[0m 22.628 ms - 56[0m
API V2.1 started to listening on port 3333
::1 - - [04/Sep/2023:11:55:47 +0000] "GET /accounts HTTP/1.1" 200 872 "-" "PostmanRuntime/7.32.3"
::1 - - [04/Sep/2023:11:56:08 +0000] "POST /accounts/register HTTP/1.1" 200 75 "-" "PostmanRuntime/7.32.3"
API V2.1 started to listening on port 3333
::1 - - [04/Sep/2023:12:06:48 +0000] "GET /accounts HTTP/1.1" 200 872 "-" "PostmanRuntime/7.32.3"
::1 - - [04/Sep/2023:12:06:52 +0000] "GET /accounts/1 HTTP/1.1" 400 56 "-" "PostmanRuntime/7.32.3"
[0mGET /accounts/1 [33m400[0m 3.279 ms - 56[0m
::1 - - [04/Sep/2023:12:06:54 +0000] "GET /accounts/2 HTTP/1.1" 400 56 "-" "PostmanRuntime/7.32.3"
[0mGET /accounts/2 [33m400[0m 1.455 ms - 56[0m
::1 - - [04/Sep/2023:12:06:56 +0000] "GET /accounts/3 HTTP/1.1" 400 56 "-" "PostmanRuntime/7.32.3"
[0mGET /accounts/3 [33m400[0m 1.358 ms - 56[0m
API V2.1 started to listening on port 3333
API V2.1 started to listening on port 3333
API V2.1 started to listening on port 3333
API V2.1 started to listening on port 3333
::1 - - [04/Sep/2023:12:07:50 +0000] "GET /accounts/3 HTTP/1.1" 400 56 "-" "PostmanRuntime/7.32.3"
[0mGET /accounts/3 [33m400[0m 23.492 ms - 56[0m
::1 - - [04/Sep/2023:12:07:55 +0000] "GET /accounts/godmode HTTP/1.1" 400 56 "-" "PostmanRuntime/7.32.3"
[0mGET /accounts/godmode [33m400[0m 2.821 ms - 56[0m
::1 - - [04/Sep/2023:12:07:58 +0000] "GET /accounts/guest HTTP/1.1" 400 56 "-" "PostmanRuntime/7.32.3"
[0mGET /accounts/guest [33m400[0m 1.543 ms - 56[0m
::1 - - [04/Sep/2023:12:07:59 +0000] "GET /accounts/guest HTTP/1.1" 400 56 "-" "PostmanRuntime/7.32.3"
[0mGET /accounts/guest [33m400[0m 1.143 ms - 56[0m
::1 - - [04/Sep/2023:12:07:59 +0000] "GET /accounts/guest HTTP/1.1" 400 56 "-" "PostmanRuntime/7.32.3"
[0mGET /accounts/guest [33m400[0m 1.470 ms - 56[0m
::1 - - [04/Sep/2023:12:08:00 +0000] "GET /accounts/guest HTTP/1.1" 400 56 "-" "PostmanRuntime/7.32.3"
[0mGET /accounts/guest [33m400[0m 1.232 ms - 56[0m
API V2.1 started to listening on port 3333
API V2.1 started to listening on port 3333
::1 - - [04/Sep/2023:12:08:48 +0000] "GET /accounts/guest HTTP/1.1" 400 56 "-" "PostmanRuntime/7.32.3"
[0mGET /accounts/guest [33m400[0m 20.736 ms - 56[0m
::1 - - [04/Sep/2023:12:08:52 +0000] "GET /accounts HTTP/1.1" 200 872 "-" "PostmanRuntime/7.32.3"
API V2.1 started to listening on port 3333
API V2.1 started to listening on port 3333
API V2.1 started to listening on port 3333
::1 - - [04/Sep/2023:12:10:01 +0000] "GET /accounts HTTP/1.1" 200 872 "-" "PostmanRuntime/7.32.3"
::1 - - [04/Sep/2023:12:10:04 +0000] "GET /accounts/1 HTTP/1.1" 400 56 "-" "PostmanRuntime/7.32.3"
[0mGET /accounts/1 [33m400[0m 3.948 ms - 56[0m
::1 - - [04/Sep/2023:12:10:06 +0000] "GET /accounts/2 HTTP/1.1" 400 56 "-" "PostmanRuntime/7.32.3"
[0mGET /accounts/2 [33m400[0m 1.798 ms - 56[0m
::1 - - [04/Sep/2023:12:10:07 +0000] "GET /accounts/3 HTTP/1.1" 400 56 "-" "PostmanRuntime/7.32.3"
[0mGET /accounts/3 [33m400[0m 1.495 ms - 56[0m
getall
::1 - - [04/Sep/2023:12:12:32 +0000] "GET /cpu HTTP/1.1" 200 69 "-" "PostmanRuntime/7.32.3"
getall
::1 - - [04/Sep/2023:12:12:33 +0000] "GET /cpu HTTP/1.1" 200 69 "-" "PostmanRuntime/7.32.3"
get One CPU
::1 - - [04/Sep/2023:12:12:39 +0000] "GET /cpu/:i5-13500 HTTP/1.1" 500 1585 "-" "PostmanRuntime/7.32.3"
[0mGET /cpu/:i5-13500 [31m500[0m 1.934 ms - 1585[0m
get One CPU
::1 - - [04/Sep/2023:12:12:41 +0000] "GET /cpu/:i5-13500 HTTP/1.1" 500 1585 "-" "PostmanRuntime/7.32.3"
[0mGET /cpu/:i5-13500 [31m500[0m 0.602 ms - 1585[0m
API V2.1 started to listening on port 3333
API V2.1 started to listening on port 3333
get One CPU
::1 - - [04/Sep/2023:12:14:07 +0000] "GET /cpu/:i5-13500 HTTP/1.1" 500 1585 "-" "PostmanRuntime/7.32.3"
[0mGET /cpu/:i5-13500 [31m500[0m 2.421 ms - 1585[0m
get One CPU
::1 - - [04/Sep/2023:12:14:08 +0000] "GET /cpu/:i5-13500 HTTP/1.1" 500 1585 "-" "PostmanRuntime/7.32.3"
[0mGET /cpu/:i5-13500 [31m500[0m 0.726 ms - 1585[0m
API V2.1 started to listening on port 3333
::1 - - [04/Sep/2023:12:17:15 +0000] "GET /cpu HTTP/1.1" 400 58 "-" "PostmanRuntime/7.32.3"
[0mGET /cpu [33m400[0m 1.886 ms - 58[0m
::1 - - [04/Sep/2023:12:17:17 +0000] "GET /cpu HTTP/1.1" 400 58 "-" "PostmanRuntime/7.32.3"
[0mGET /cpu [33m400[0m 0.432 ms - 58[0m
::1 - - [04/Sep/2023:12:17:18 +0000] "GET /cpu HTTP/1.1" 400 58 "-" "PostmanRuntime/7.32.3"
[0mGET /cpu [33m400[0m 0.269 ms - 58[0m
::1 - - [04/Sep/2023:12:17:18 +0000] "GET /cpu HTTP/1.1" 400 58 "-" "PostmanRuntime/7.32.3"
[0mGET /cpu [33m400[0m 0.266 ms - 58[0m
API V2.1 started to listening on port 3333
API V2.1 started to listening on port 3333
API V2.1 started to listening on port 3333
::1 - - [04/Sep/2023:12:18:01 +0000] "GET /cpu HTTP/1.1" 200 785 "-" "PostmanRuntime/7.32.3"
API V2.1 started to listening on port 3333
API V2.1 started to listening on port 3333
::1 - - [04/Sep/2023:15:53:39 +0000] "GET /cpu HTTP/1.1" 200 785 "-" "PostmanRuntime/7.32.3"
get One CPU
::1 - - [04/Sep/2023:15:53:51 +0000] "GET /cpu/i5-13500 HTTP/1.1" 200 205 "-" "PostmanRuntime/7.32.3"
get One CPU
::1 - - [04/Sep/2023:15:54:21 +0000] "GET /cpu/i7-13700k HTTP/1.1" 200 207 "-" "PostmanRuntime/7.32.3"
API V2.1 started to listening on port 3333
API V2.1 started to listening on port 3333
API V2.1 started to listening on port 3333
API V2.1 started to listening on port 3333
API V2.1 started to listening on port 3333
API V2.1 started to listening on port 3333
API V2.1 started to listening on port 3333
API V2.1 started to listening on port 3333
API V2.1 started to listening on port 3333
API V2.1 started to listening on port 3333
API V2.1 started to listening on port 3333
API V2.1 started to listening on port 3333
API V2.1 started to listening on port 3333
API V2.1 started to listening on port 3333
API V2.1 started to listening on port 3333
API V2.1 started to listening on port 3333
API V2.1 started to listening on port 3333
API V2.1 started to listening on port 3333
API V2.1 started to listening on port 3333
API V2.1 started to listening on port 3333
API V2.1 started to listening on port 3333
API V2.1 started to listening on port 3333
API V2.1 started to listening on port 3333
API V2.1 started to listening on port 3333
API V2.1 started to listening on port 3333
API V2.1 started to listening on port 3333
API V2.1 started to listening on port 3333
API V2.1 started to listening on port 3333
API V2.1 started to listening on port 3333
API V2.1 started to listening on port 3333
API V2.1 started to listening on port 3333
API V2.1 started to listening on port 3333
API V2.1 started to listening on port 3333
API V2.1 started to listening on port 3333
API V2.1 started to listening on port 3333
API V2.1 started to listening on port 3333
API V2.1 started to listening on port 3333
API V2.1 started to listening on port 3333
API V2.1 started to listening on port 3333
API V2.1 started to listening on port 3333
API V2.1 started to listening on port 3333
API V2.1 started to listening on port 3333
API V2.1 started to listening on port 3333
::1 - - [04/Sep/2023:16:12:51 +0000] "GET /laptop HTTP/1.1" 400 66 "-" "PostmanRuntime/7.32.3"
[0mGET /laptop [33m400[0m 1.740 ms - 66[0m
API V2.1 started to listening on port 3333
API V2.1 started to listening on port 3333
::1 - - [04/Sep/2023:16:13:41 +0000] "GET /laptop HTTP/1.1" 200 438 "-" "PostmanRuntime/7.32.3"
get One Laptop
::1 - - [04/Sep/2023:16:13:53 +0000] "GET /laptop/legion-slim-7 HTTP/1.1" 500 1588 "-" "PostmanRuntime/7.32.3"
[0mGET /laptop/legion-slim-7 [31m500[0m 1.697 ms - 1588[0m
API V2.1 started to listening on port 3333
API V2.1 started to listening on port 3333
API V2.1 started to listening on port 3333
get One Laptop
::1 - - [04/Sep/2023:16:15:39 +0000] "GET /laptop/legion-slim-7 HTTP/1.1" - - "-" "PostmanRuntime/7.32.3"
get One Laptop
::1 - - [04/Sep/2023:16:15:43 +0000] "GET /laptop/Legion-Slim-7 HTTP/1.1" - - "-" "PostmanRuntime/7.32.3"
::1 - - [04/Sep/2023:16:15:47 +0000] "GET /laptop HTTP/1.1" 200 438 "-" "PostmanRuntime/7.32.3"
API V2.1 started to listening on port 3333
get One Laptop
::1 - - [04/Sep/2023:16:30:54 +0000] "GET /laptop/Legion-Slim-7 HTTP/1.1" - - "-" "PostmanRuntime/7.32.3"
get One Laptop
::1 - - [04/Sep/2023:16:30:56 +0000] "GET /laptop/legion-slim-7 HTTP/1.1" - - "-" "PostmanRuntime/7.32.3"
get One Laptop
::1 - - [04/Sep/2023:16:31:01 +0000] "GET /laptop/legion-slim-7 HTTP/1.1" - - "-" "PostmanRuntime/7.32.3"
API V2.1 started to listening on port 3333
API V2.1 started to listening on port 3333
API V2.1 started to listening on port 3333
get One Laptop
::1 - - [04/Sep/2023:16:32:12 +0000] "GET /laptop/legion-slim-7 HTTP/1.1" - - "-" "PostmanRuntime/7.32.3"
API V2.1 started to listening on port 3333
API V2.1 started to listening on port 3333
API V2.1 started to listening on port 3333
API V2.1 started to listening on port 3333
API V2.1 started to listening on port 3333
API V2.1 started to listening on port 3333
API V2.1 started to listening on port 3333
API V2.1 started to listening on port 3333
API V2.1 started to listening on port 3333
API V2.1 started to listening on port 3333
API V2.1 started to listening on port 3333
API V2.1 started to listening on port 3333
get One Laptop
::1 - - [04/Sep/2023:16:34:30 +0000] "GET /laptop/legion-slim-7 HTTP/1.1" - - "-" "PostmanRuntime/7.32.3"
::1 - - [04/Sep/2023:16:34:30 +0000] "GET /laptop HTTP/1.1" 200 438 "-" "PostmanRuntime/7.32.3"
get One Laptop
::1 - - [04/Sep/2023:16:34:46 +0000] "GET /laptop/Legion-Slim-7 HTTP/1.1" - - "-" "PostmanRuntime/7.32.3"
get One Laptop
::1 - - [04/Sep/2023:16:34:47 +0000] "GET /laptop/Legion-Slim-7 HTTP/1.1" - - "-" "PostmanRuntime/7.32.3"
get One Laptop
API V2.1 started to listening on port 3333
get One CPU
::1 - - [04/Sep/2023:16:36:44 +0000] "GET /cpu/i7-13700k HTTP/1.1" 200 207 "-" "PostmanRuntime/7.32.3"
API V2.1 started to listening on port 3333
API V2.1 started to listening on port 3333
get One CPU
::1 - - [04/Sep/2023:16:45:32 +0000] "GET /cpu/i7-13700k HTTP/1.1" 200 207 "-" "PostmanRuntime/7.32.3"
::1 - - [04/Sep/2023:16:45:55 +0000] "GET /laptop HTTP/1.1" 200 448 "-" "PostmanRuntime/7.32.3"
get One Laptop
::1 - - [04/Sep/2023:16:46:02 +0000] "GET /laptop/legion-slim-7 HTTP/1.1" - - "-" "PostmanRuntime/7.32.3"
get One Laptop
::1 - - [04/Sep/2023:16:46:03 +0000] "GET /laptop/legion-slim-7-2021 HTTP/1.1" - - "-" "PostmanRuntime/7.32.3"
get One Laptop
::1 - - [04/Sep/2023:16:46:09 +0000] "GET /laptop/legion-slim-7-2021 HTTP/1.1" - - "-" "PostmanRuntime/7.32.3"
get One Laptop
API V2.1 started to listening on port 3333
API V2.1 started to listening on port 3333
API V2.1 started to listening on port 3333
API V2.1 started to listening on port 3333
::1 - - [04/Sep/2023:16:55:12 +0000] "GET /laptop HTTP/1.1" 200 448 "-" "PostmanRuntime/7.32.3"
API V2.1 started to listening on port 3333
API V2.1 started to listening on port 3333
get One laptop
::1 - - [04/Sep/2023:16:56:38 +0000] "GET /laptop/legion-slim-7-2021 HTTP/1.1" - - "-" "PostmanRuntime/7.32.3"
API V2.1 started to listening on port 3333
get One laptop
::1 - - [05/Sep/2023:01:47:07 +0000] "GET /laptop/legion-slim-7-2021 HTTP/1.1" - - "-" "PostmanRuntime/7.32.3"
::1 - - [05/Sep/2023:01:47:10 +0000] "GET /laptop HTTP/1.1" 400 331 "-" "PostmanRuntime/7.32.3"
[0mGET /laptop [33m400[0m 4.046 ms - 331[0m
::1 - - [05/Sep/2023:01:47:28 +0000] "GET /laptop HTTP/1.1" 400 331 "-" "PostmanRuntime/7.32.3"
[0mGET /laptop [33m400[0m 2.636 ms - 331[0m
::1 - - [05/Sep/2023:01:47:29 +0000] "GET /laptop HTTP/1.1" 400 331 "-" "PostmanRuntime/7.32.3"
[0mGET /laptop [33m400[0m 1.697 ms - 331[0m
::1 - - [05/Sep/2023:01:47:43 +0000] "GET /laptop HTTP/1.1" 200 448 "-" "PostmanRuntime/7.32.3"
get One laptop
::1 - - [05/Sep/2023:01:47:52 +0000] "GET /laptop/legion-slim-7-2021 HTTP/1.1" 200 184 "-" "PostmanRuntime/7.32.3"
get One laptop
::1 - - [05/Sep/2023:01:48:16 +0000] "GET /laptop/blade-16-2023 HTTP/1.1" 200 177 "-" "PostmanRuntime/7.32.3"
API V2.1 started to listening on port 3333
API V2.1 started to listening on port 3333
API V2.1 started to listening on port 3333
API V2.1 started to listening on port 3333
API V2.1 started to listening on port 3333
get One laptop
::1 - - [05/Sep/2023:03:50:44 +0000] "GET /laptop/blade-16-2023 HTTP/1.1" 200 177 "-" "PostmanRuntime/7.32.3"
::1 - - [05/Sep/2023:03:52:47 +0000] "GET /cpu HTTP/1.1" 200 982 "-" "PostmanRuntime/7.32.3"
get One CPU
::1 - - [05/Sep/2023:03:52:53 +0000] "GET /cpu/r7-5800h HTTP/1.1" 200 191 "-" "PostmanRuntime/7.32.3"
API V2.1 started to listening on port 3333
get One CPU
::1 - - [05/Sep/2023:04:07:23 +0000] "GET /cpu/r7-5800h HTTP/1.1" 200 191 "-" "PostmanRuntime/7.32.3"
get One CPU
::1 - - [05/Sep/2023:04:07:24 +0000] "GET /cpu/r7-5800h HTTP/1.1" 200 191 "-" "PostmanRuntime/7.32.3"
::1 - - [05/Sep/2023:04:07:28 +0000] "GET /laptop HTTP/1.1" 200 458 "-" "PostmanRuntime/7.32.3"
API V2.1 started to listening on port 3333
API V2.1 started to listening on port 3333
API V2.1 started to listening on port 3333
API V2.1 started to listening on port 3333
API V2.1 started to listening on port 3333
API V2.1 started to listening on port 3333
API V2.1 started to listening on port 3333
API V2.1 started to listening on port 3333
API V2.1 started to listening on port 3333
API V2.1 started to listening on port 3333
API V2.1 started to listening on port 3333
API V2.1 started to listening on port 3333
API V2.1 started to listening on port 3333
API V2.1 started to listening on port 3333
API V2.1 started to listening on port 3333
API V2.1 started to listening on port 3333
API V2.1 started to listening on port 3333
API V2.1 started to listening on port 3333
API V2.1 started to listening on port 3333
API V2.1 started to listening on port 3333
API V2.1 started to listening on port 3333
API V2.1 started to listening on port 3333
API V2.1 started to listening on port 3333
API V2.1 started to listening on port 3333
API V2.1 started to listening on port 3333
API V2.1 started to listening on port 3333
API V2.1 started to listening on port 3333
API V2.1 started to listening on port 3333
API V2.1 started to listening on port 3333
API V2.1 started to listening on port 3333
API V2.1 started to listening on port 3333
API V2.1 started to listening on port 3333
API V2.1 started to listening on port 3333
API V2.1 started to listening on port 3333
API V2.1 started to listening on port 3333
API V2.1 started to listening on port 3333
API V2.1 started to listening on port 3333
API V2.1 started to listening on port 3333
API V2.1 started to listening on port 3333
::1 - - [05/Sep/2023:04:48:03 +0000] "PUT /laptop HTTP/1.1" - - "-" "PostmanRuntime/7.32.3"
API V2.1 started to listening on port 3333
::1 - - [05/Sep/2023:04:49:09 +0000] "PUT /laptop?name=zephyrus%20g14 HTTP/1.1" - - "-" "PostmanRuntime/7.32.3"
::1 - - [05/Sep/2023:04:49:15 +0000] "GET /laptop HTTP/1.1" 200 458 "-" "PostmanRuntime/7.32.3"
get One laptop
::1 - - [05/Sep/2023:04:49:19 +0000] "GET /laptop/blade-16-2023 HTTP/1.1" 200 182 "-" "PostmanRuntime/7.32.3"
API V2.1 started to listening on port 3333
get One laptop
::1 - - [05/Sep/2023:07:12:40 +0000] "GET /laptop/blade-16-2023 HTTP/1.1" 200 182 "-" "PostmanRuntime/7.32.3"
get One laptop
::1 - - [05/Sep/2023:07:12:47 +0000] "GET /laptop/legion-slim-7-2021 HTTP/1.1" 200 189 "-" "PostmanRuntime/7.32.3"
::1 - - [05/Sep/2023:07:12:54 +0000] "GET /laptop HTTP/1.1" 200 458 "-" "PostmanRuntime/7.32.3"
API V2.1 started to listening on port 3333
API V2.1 started to listening on port 3333
API V2.1 started to listening on port 3333
API V2.1 started to listening on port 3333
::1 - - [05/Sep/2023:07:41:22 +0000] "PUT /laptop HTTP/1.1" - - "-" "PostmanRuntime/7.32.3"
get One CPU
::1 - - [05/Sep/2023:07:41:48 +0000] "GET /cpu/i7-13700k HTTP/1.1" 200 207 "-" "PostmanRuntime/7.32.3"
::1 - - [05/Sep/2023:07:41:50 +0000] "GET /laptop HTTP/1.1" 200 458 "-" "PostmanRuntime/7.32.3"
get One laptop
::1 - - [05/Sep/2023:07:41:54 +0000] "GET /laptop/legion-slim-7-2021 HTTP/1.1" 200 189 "-" "PostmanRuntime/7.32.3"
get One laptop
::1 - - [05/Sep/2023:07:42:00 +0000] "GET /laptop/blade-16-2023 HTTP/1.1" 200 182 "-" "PostmanRuntime/7.32.3"
API V2.1 started to listening on port 3333
API V2.1 started to listening on port 3333
API V2.1 started to listening on port 3333
ReferenceError: book is not defined
    at updateOne (C:\Users\ngocq\OneDrive\Desktop\Web\Tech Web API\Working API\app\services\laptop.service.js:137:13)
    at Layer.handle [as handle_request] (C:\Users\ngocq\OneDrive\Desktop\Web\Tech Web API\Working API\node_modules\express\lib\router\layer.js:95:5)
    at next (C:\Users\ngocq\OneDrive\Desktop\Web\Tech Web API\Working API\node_modules\express\lib\router\route.js:144:13)
    at Route.dispatch (C:\Users\ngocq\OneDrive\Desktop\Web\Tech Web API\Working API\node_modules\express\lib\router\route.js:114:3)
    at Layer.handle [as handle_request] (C:\Users\ngocq\OneDrive\Desktop\Web\Tech Web API\Working API\node_modules\express\lib\router\layer.js:95:5)
    at C:\Users\ngocq\OneDrive\Desktop\Web\Tech Web API\Working API\node_modules\express\lib\router\index.js:284:15
    at param (C:\Users\ngocq\OneDrive\Desktop\Web\Tech Web API\Working API\node_modules\express\lib\router\index.js:365:14)
    at param (C:\Users\ngocq\OneDrive\Desktop\Web\Tech Web API\Working API\node_modules\express\lib\router\index.js:376:14)
    at Function.process_params (C:\Users\ngocq\OneDrive\Desktop\Web\Tech Web API\Working API\node_modules\express\lib\router\index.js:421:3)
    at next (C:\Users\ngocq\OneDrive\Desktop\Web\Tech Web API\Working API\node_modules\express\lib\router\index.js:280:10)
::1 - - [05/Sep/2023:08:06:17 +0000] "PUT /laptop/add HTTP/1.1" 400 64 "-" "PostmanRuntime/7.32.3"
[0mPUT /laptop/add [33m400[0m 12.431 ms - 64[0m
ReferenceError: book is not defined
    at updateOne (C:\Users\ngocq\OneDrive\Desktop\Web\Tech Web API\Working API\app\services\laptop.service.js:137:13)
    at Layer.handle [as handle_request] (C:\Users\ngocq\OneDrive\Desktop\Web\Tech Web API\Working API\node_modules\express\lib\router\layer.js:95:5)
    at next (C:\Users\ngocq\OneDrive\Desktop\Web\Tech Web API\Working API\node_modules\express\lib\router\route.js:144:13)
    at Route.dispatch (C:\Users\ngocq\OneDrive\Desktop\Web\Tech Web API\Working API\node_modules\express\lib\router\route.js:114:3)
    at Layer.handle [as handle_request] (C:\Users\ngocq\OneDrive\Desktop\Web\Tech Web API\Working API\node_modules\express\lib\router\layer.js:95:5)
    at C:\Users\ngocq\OneDrive\Desktop\Web\Tech Web API\Working API\node_modules\express\lib\router\index.js:284:15
    at param (C:\Users\ngocq\OneDrive\Desktop\Web\Tech Web API\Working API\node_modules\express\lib\router\index.js:365:14)
    at param (C:\Users\ngocq\OneDrive\Desktop\Web\Tech Web API\Working API\node_modules\express\lib\router\index.js:376:14)
    at Function.process_params (C:\Users\ngocq\OneDrive\Desktop\Web\Tech Web API\Working API\node_modules\express\lib\router\index.js:421:3)
    at next (C:\Users\ngocq\OneDrive\Desktop\Web\Tech Web API\Working API\node_modules\express\lib\router\index.js:280:10)
::1 - - [05/Sep/2023:08:06:24 +0000] "PUT /laptop/add HTTP/1.1" 400 64 "-" "PostmanRuntime/7.32.3"
[0mPUT /laptop/add [33m400[0m 1.051 ms - 64[0m
ReferenceError: book is not defined
    at updateOne (C:\Users\ngocq\OneDrive\Desktop\Web\Tech Web API\Working API\app\services\laptop.service.js:137:13)
    at Layer.handle [as handle_request] (C:\Users\ngocq\OneDrive\Desktop\Web\Tech Web API\Working API\node_modules\express\lib\router\layer.js:95:5)
    at next (C:\Users\ngocq\OneDrive\Desktop\Web\Tech Web API\Working API\node_modules\express\lib\router\route.js:144:13)
    at Route.dispatch (C:\Users\ngocq\OneDrive\Desktop\Web\Tech Web API\Working API\node_modules\express\lib\router\route.js:114:3)
    at Layer.handle [as handle_request] (C:\Users\ngocq\OneDrive\Desktop\Web\Tech Web API\Working API\node_modules\express\lib\router\layer.js:95:5)
    at C:\Users\ngocq\OneDrive\Desktop\Web\Tech Web API\Working API\node_modules\express\lib\router\index.js:284:15
    at param (C:\Users\ngocq\OneDrive\Desktop\Web\Tech Web API\Working API\node_modules\express\lib\router\index.js:365:14)
    at param (C:\Users\ngocq\OneDrive\Desktop\Web\Tech Web API\Working API\node_modules\express\lib\router\index.js:376:14)
    at Function.process_params (C:\Users\ngocq\OneDrive\Desktop\Web\Tech Web API\Working API\node_modules\express\lib\router\index.js:421:3)
    at next (C:\Users\ngocq\OneDrive\Desktop\Web\Tech Web API\Working API\node_modules\express\lib\router\index.js:280:10)
::1 - - [05/Sep/2023:08:06:24 +0000] "PUT /laptop/add HTTP/1.1" 400 64 "-" "PostmanRuntime/7.32.3"
[0mPUT /laptop/add [33m400[0m 0.773 ms - 64[0m
ReferenceError: book is not defined
    at add (C:\Users\ngocq\OneDrive\Desktop\Web\Tech Web API\Working API\app\services\laptop.service.js:16:13)
    at Layer.handle [as handle_request] (C:\Users\ngocq\OneDrive\Desktop\Web\Tech Web API\Working API\node_modules\express\lib\router\layer.js:95:5)
    at next (C:\Users\ngocq\OneDrive\Desktop\Web\Tech Web API\Working API\node_modules\express\lib\router\route.js:144:13)
    at Route.dispatch (C:\Users\ngocq\OneDrive\Desktop\Web\Tech Web API\Working API\node_modules\express\lib\router\route.js:114:3)
    at Layer.handle [as handle_request] (C:\Users\ngocq\OneDrive\Desktop\Web\Tech Web API\Working API\node_modules\express\lib\router\layer.js:95:5)
    at C:\Users\ngocq\OneDrive\Desktop\Web\Tech Web API\Working API\node_modules\express\lib\router\index.js:284:15
    at Function.process_params (C:\Users\ngocq\OneDrive\Desktop\Web\Tech Web API\Working API\node_modules\express\lib\router\index.js:346:12)
    at next (C:\Users\ngocq\OneDrive\Desktop\Web\Tech Web API\Working API\node_modules\express\lib\router\index.js:280:10)
    at cors (C:\Users\ngocq\OneDrive\Desktop\Web\Tech Web API\Working API\node_modules\cors\lib\index.js:188:7)
    at C:\Users\ngocq\OneDrive\Desktop\Web\Tech Web API\Working API\node_modules\cors\lib\index.js:224:17
::1 - - [05/Sep/2023:08:06:41 +0000] "POST /laptop/add HTTP/1.1" 400 61 "-" "PostmanRuntime/7.32.3"
[0mPOST /laptop/add [33m400[0m 0.955 ms - 61[0m
ReferenceError: book is not defined
    at add (C:\Users\ngocq\OneDrive\Desktop\Web\Tech Web API\Working API\app\services\laptop.service.js:16:13)
    at Layer.handle [as handle_request] (C:\Users\ngocq\OneDrive\Desktop\Web\Tech Web API\Working API\node_modules\express\lib\router\layer.js:95:5)
    at next (C:\Users\ngocq\OneDrive\Desktop\Web\Tech Web API\Working API\node_modules\express\lib\router\route.js:144:13)
    at Route.dispatch (C:\Users\ngocq\OneDrive\Desktop\Web\Tech Web API\Working API\node_modules\express\lib\router\route.js:114:3)
    at Layer.handle [as handle_request] (C:\Users\ngocq\OneDrive\Desktop\Web\Tech Web API\Working API\node_modules\express\lib\router\layer.js:95:5)
    at C:\Users\ngocq\OneDrive\Desktop\Web\Tech Web API\Working API\node_modules\express\lib\router\index.js:284:15
    at Function.process_params (C:\Users\ngocq\OneDrive\Desktop\Web\Tech Web API\Working API\node_modules\express\lib\router\index.js:346:12)
    at next (C:\Users\ngocq\OneDrive\Desktop\Web\Tech Web API\Working API\node_modules\express\lib\router\index.js:280:10)
    at cors (C:\Users\ngocq\OneDrive\Desktop\Web\Tech Web API\Working API\node_modules\cors\lib\index.js:188:7)
    at C:\Users\ngocq\OneDrive\Desktop\Web\Tech Web API\Working API\node_modules\cors\lib\index.js:224:17
::1 - - [05/Sep/2023:08:06:42 +0000] "POST /laptop/add HTTP/1.1" 400 61 "-" "PostmanRuntime/7.32.3"
[0mPOST /laptop/add [33m400[0m 1.038 ms - 61[0m
ReferenceError: book is not defined
    at add (C:\Users\ngocq\OneDrive\Desktop\Web\Tech Web API\Working API\app\services\laptop.service.js:16:13)
    at Layer.handle [as handle_request] (C:\Users\ngocq\OneDrive\Desktop\Web\Tech Web API\Working API\node_modules\express\lib\router\layer.js:95:5)
    at next (C:\Users\ngocq\OneDrive\Desktop\Web\Tech Web API\Working API\node_modules\express\lib\router\route.js:144:13)
    at Route.dispatch (C:\Users\ngocq\OneDrive\Desktop\Web\Tech Web API\Working API\node_modules\express\lib\router\route.js:114:3)
    at Layer.handle [as handle_request] (C:\Users\ngocq\OneDrive\Desktop\Web\Tech Web API\Working API\node_modules\express\lib\router\layer.js:95:5)
    at C:\Users\ngocq\OneDrive\Desktop\Web\Tech Web API\Working API\node_modules\express\lib\router\index.js:284:15
    at Function.process_params (C:\Users\ngocq\OneDrive\Desktop\Web\Tech Web API\Working API\node_modules\express\lib\router\index.js:346:12)
    at next (C:\Users\ngocq\OneDrive\Desktop\Web\Tech Web API\Working API\node_modules\express\lib\router\index.js:280:10)
    at cors (C:\Users\ngocq\OneDrive\Desktop\Web\Tech Web API\Working API\node_modules\cors\lib\index.js:188:7)
    at C:\Users\ngocq\OneDrive\Desktop\Web\Tech Web API\Working API\node_modules\cors\lib\index.js:224:17
::1 - - [05/Sep/2023:08:06:43 +0000] "POST /laptop/add HTTP/1.1" 400 61 "-" "PostmanRuntime/7.32.3"
[0mPOST /laptop/add [33m400[0m 0.861 ms - 61[0m
ReferenceError: book is not defined
    at add (C:\Users\ngocq\OneDrive\Desktop\Web\Tech Web API\Working API\app\services\laptop.service.js:16:13)
    at Layer.handle [as handle_request] (C:\Users\ngocq\OneDrive\Desktop\Web\Tech Web API\Working API\node_modules\express\lib\router\layer.js:95:5)
    at next (C:\Users\ngocq\OneDrive\Desktop\Web\Tech Web API\Working API\node_modules\express\lib\router\route.js:144:13)
    at Route.dispatch (C:\Users\ngocq\OneDrive\Desktop\Web\Tech Web API\Working API\node_modules\express\lib\router\route.js:114:3)
    at Layer.handle [as handle_request] (C:\Users\ngocq\OneDrive\Desktop\Web\Tech Web API\Working API\node_modules\express\lib\router\layer.js:95:5)
    at C:\Users\ngocq\OneDrive\Desktop\Web\Tech Web API\Working API\node_modules\express\lib\router\index.js:284:15
    at Function.process_params (C:\Users\ngocq\OneDrive\Desktop\Web\Tech Web API\Working API\node_modules\express\lib\router\index.js:346:12)
    at next (C:\Users\ngocq\OneDrive\Desktop\Web\Tech Web API\Working API\node_modules\express\lib\router\index.js:280:10)
    at cors (C:\Users\ngocq\OneDrive\Desktop\Web\Tech Web API\Working API\node_modules\cors\lib\index.js:188:7)
    at C:\Users\ngocq\OneDrive\Desktop\Web\Tech Web API\Working API\node_modules\cors\lib\index.js:224:17
::1 - - [05/Sep/2023:08:06:44 +0000] "POST /laptop/add HTTP/1.1" 400 61 "-" "PostmanRuntime/7.32.3"
[0mPOST /laptop/add [33m400[0m 1.169 ms - 61[0m
ReferenceError: book is not defined
    at add (C:\Users\ngocq\OneDrive\Desktop\Web\Tech Web API\Working API\app\services\laptop.service.js:16:13)
    at Layer.handle [as handle_request] (C:\Users\ngocq\OneDrive\Desktop\Web\Tech Web API\Working API\node_modules\express\lib\router\layer.js:95:5)
    at next (C:\Users\ngocq\OneDrive\Desktop\Web\Tech Web API\Working API\node_modules\express\lib\router\route.js:144:13)
    at Route.dispatch (C:\Users\ngocq\OneDrive\Desktop\Web\Tech Web API\Working API\node_modules\express\lib\router\route.js:114:3)
    at Layer.handle [as handle_request] (C:\Users\ngocq\OneDrive\Desktop\Web\Tech Web API\Working API\node_modules\express\lib\router\layer.js:95:5)
    at C:\Users\ngocq\OneDrive\Desktop\Web\Tech Web API\Working API\node_modules\express\lib\router\index.js:284:15
    at Function.process_params (C:\Users\ngocq\OneDrive\Desktop\Web\Tech Web API\Working API\node_modules\express\lib\router\index.js:346:12)
    at next (C:\Users\ngocq\OneDrive\Desktop\Web\Tech Web API\Working API\node_modules\express\lib\router\index.js:280:10)
    at cors (C:\Users\ngocq\OneDrive\Desktop\Web\Tech Web API\Working API\node_modules\cors\lib\index.js:188:7)
    at C:\Users\ngocq\OneDrive\Desktop\Web\Tech Web API\Working API\node_modules\cors\lib\index.js:224:17
::1 - - [05/Sep/2023:08:08:27 +0000] "POST /laptop/add HTTP/1.1" 400 61 "-" "PostmanRuntime/7.32.3"
[0mPOST /laptop/add [33m400[0m 0.852 ms - 61[0m
ReferenceError: book is not defined
    at add (C:\Users\ngocq\OneDrive\Desktop\Web\Tech Web API\Working API\app\services\laptop.service.js:16:13)
    at Layer.handle [as handle_request] (C:\Users\ngocq\OneDrive\Desktop\Web\Tech Web API\Working API\node_modules\express\lib\router\layer.js:95:5)
    at next (C:\Users\ngocq\OneDrive\Desktop\Web\Tech Web API\Working API\node_modules\express\lib\router\route.js:144:13)
    at Route.dispatch (C:\Users\ngocq\OneDrive\Desktop\Web\Tech Web API\Working API\node_modules\express\lib\router\route.js:114:3)
    at Layer.handle [as handle_request] (C:\Users\ngocq\OneDrive\Desktop\Web\Tech Web API\Working API\node_modules\express\lib\router\layer.js:95:5)
    at C:\Users\ngocq\OneDrive\Desktop\Web\Tech Web API\Working API\node_modules\express\lib\router\index.js:284:15
    at Function.process_params (C:\Users\ngocq\OneDrive\Desktop\Web\Tech Web API\Working API\node_modules\express\lib\router\index.js:346:12)
    at next (C:\Users\ngocq\OneDrive\Desktop\Web\Tech Web API\Working API\node_modules\express\lib\router\index.js:280:10)
    at cors (C:\Users\ngocq\OneDrive\Desktop\Web\Tech Web API\Working API\node_modules\cors\lib\index.js:188:7)
    at C:\Users\ngocq\OneDrive\Desktop\Web\Tech Web API\Working API\node_modules\cors\lib\index.js:224:17
::1 - - [05/Sep/2023:08:08:28 +0000] "POST /laptop/add HTTP/1.1" 400 61 "-" "PostmanRuntime/7.32.3"
[0mPOST /laptop/add [33m400[0m 0.778 ms - 61[0m
API  started to listening on port 3333
API  started to listening on port 3333
get One CPU
::1 - - [05/Sep/2023:13:31:36 +0000] "GET /cpu/i7-13700k HTTP/1.1" 200 207 "-" "PostmanRuntime/7.32.3"
get One laptop
::1 - - [05/Sep/2023:13:31:40 +0000] "GET /laptop/blade-16-2023 HTTP/1.1" 200 182 "-" "PostmanRuntime/7.32.3"
